#
# There is insufficient memory for the Java Runtime Environment to continue.
# Native memory allocation (malloc) failed to allocate 297936 bytes for Chunk::new
# Possible reasons:
#   The system is out of physical RAM or swap space
#   In 32 bit mode, the process size limit was hit
# Possible solutions:
#   Reduce memory load on the system
#   Increase physical memory or swap space
#   Check if swap backing store is full
#   Use 64 bit Java on a 64 bit OS
#   Decrease Java heap size (-Xmx/-Xms)
#   Decrease number of Java threads
#   Decrease Java thread stack sizes (-Xss)
#   Set larger code cache with -XX:ReservedCodeCacheSize=
# This output file may be truncated or incomplete.
#
#  Out of Memory Error (allocation.cpp:390), pid=7300, tid=0x0000000000000208
#
# JRE version: OpenJDK Runtime Environment (8.0_152-b02) (build 1.8.0_152-release-1024-b02)
# Java VM: OpenJDK 64-Bit Server VM (25.152-b02 mixed mode windows-amd64 compressed oops)
# Failed to write core dump. Minidumps are not enabled by default on client versions of Windows
#

---------------  T H R E A D  ---------------

Current thread (0x0000000016d3e000):  JavaThread "C2 CompilerThread1" daemon [_thread_in_native, id=520, stack(0x00000000187f0000,0x00000000188f0000)]

Stack: [0x00000000187f0000,0x00000000188f0000]
[error occurred during error reporting (printing stack bounds), id 0xc0000005]

Native frames: (J=compiled Java code, j=interpreted, Vv=VM code, C=native code)


Current CompileTask:
C2: 223256 10662       4       java.io.ObjectOutputStream::writeClassDesc (60 bytes)


---------------  P R O C E S S  ---------------

Java Threads: ( => current thread )
  0x000000001e46e800 JavaThread "Task worker for ':' Thread 3" [_thread_blocked, id=9500, stack(0x0000000026bb0000,0x0000000026cb0000)]
  0x000000001f117000 JavaThread "Task worker for ':' Thread 2" [_thread_blocked, id=7344, stack(0x0000000026ab0000,0x0000000026bb0000)]
  0x000000001f113800 JavaThread "Task worker for ':'" [_thread_in_vm, id=8644, stack(0x00000000269b0000,0x0000000026ab0000)]
  0x000000001f118800 JavaThread "Cache worker for Build Output Cleanup Cache (D:\DOGFRIENDS\Android\.gradle\buildOutputCleanup)" [_thread_blocked, id=16736, stack(0x00000000268b0000,0x00000000269b0000)]
  0x000000001f116800 JavaThread "Cache worker for task history cache (D:\DOGFRIENDS\Android\.gradle\4.4\taskHistory)" [_thread_blocked, id=17032, stack(0x00000000267b0000,0x00000000268b0000)]
  0x000000001f115800 JavaThread "Cache worker for file content cache (D:\DOGFRIENDS\Android\.gradle\4.4\fileContent)" [_thread_blocked, id=12316, stack(0x00000000266b0000,0x00000000267b0000)]
  0x000000001cc27000 JavaThread "build operations Thread 4" [_thread_blocked, id=7224, stack(0x00000000265b0000,0x00000000266b0000)]
  0x000000001cc25800 JavaThread "build operations Thread 3" [_thread_blocked, id=7660, stack(0x00000000264b0000,0x00000000265b0000)]
  0x000000001cc1d000 JavaThread "build operations Thread 2" [_thread_blocked, id=15868, stack(0x00000000263b0000,0x00000000264b0000)]
  0x000000001cc24000 JavaThread "build operations" [_thread_blocked, id=15900, stack(0x00000000262b0000,0x00000000263b0000)]
  0x000000001cc1c000 JavaThread "Cache worker for Artifact transforms cache (C:\Users\gsa23\.gradle\caches\transforms-1)" [_thread_blocked, id=18636, stack(0x00000000261b0000,0x00000000262b0000)]
  0x000000001cc23000 JavaThread "Cache worker for file hash cache (D:\DOGFRIENDS\Android\.gradle\4.4\fileHashes)" [_thread_blocked, id=8080, stack(0x00000000260b0000,0x00000000261b0000)]
  0x000000001cc1b800 JavaThread "Stdin handler" [_thread_blocked, id=12888, stack(0x0000000025fb0000,0x00000000260b0000)]
  0x000000001cc1a800 JavaThread "Asynchronous log dispatcher for DefaultDaemonConnection: socket connection from /127.0.0.1:12346 to /127.0.0.1:12668" [_thread_blocked, id=21520, stack(0x0000000025eb0000,0x0000000025fb0000)]
  0x000000001cc1a000 JavaThread "Daemon worker Thread 2" [_thread_blocked, id=10948, stack(0x0000000025db0000,0x0000000025eb0000)]
  0x000000001cc20000 JavaThread "Cancel handler" [_thread_blocked, id=12436, stack(0x0000000025cb0000,0x0000000025db0000)]
  0x000000001cc18800 JavaThread "Handler for socket connection from /127.0.0.1:12346 to /127.0.0.1:12668" [_thread_in_native, id=21280, stack(0x0000000025bb0000,0x0000000025cb0000)]
  0x000000001cc19000 JavaThread "Daemon Thread 2" [_thread_blocked, id=2028, stack(0x0000000025ab0000,0x0000000025bb0000)]
  0x000000001cc1f000 JavaThread "Memory manager" [_thread_blocked, id=18368, stack(0x0000000021910000,0x0000000021a10000)]
  0x0000000019e45000 JavaThread "File lock request listener" [_thread_in_native, id=17756, stack(0x000000001b390000,0x000000001b490000)]
  0x0000000019cdd800 JavaThread "Cache worker for file hash cache (C:\Users\gsa23\.gradle\caches\4.4\fileHashes)" [_thread_blocked, id=724, stack(0x000000001b290000,0x000000001b390000)]
  0x0000000019c4d000 JavaThread "Daemon periodic checks" [_thread_blocked, id=5248, stack(0x000000001a790000,0x000000001a890000)]
  0x00000000199e2000 JavaThread "Incoming local TCP Connector on port 12346" [_thread_in_native, id=9384, stack(0x000000001a5c0000,0x000000001a6c0000)]
  0x0000000018174000 JavaThread "Service Thread" daemon [_thread_blocked, id=2488, stack(0x00000000189f0000,0x0000000018af0000)]
  0x0000000018130000 JavaThread "C1 CompilerThread2" daemon [_thread_in_native, id=17464, stack(0x00000000188f0000,0x00000000189f0000)]
=>0x0000000016d3e000 JavaThread "C2 CompilerThread1" daemon [_thread_in_native, id=520, stack(0x00000000187f0000,0x00000000188f0000)]
  0x0000000016d3a000 JavaThread "C2 CompilerThread0" daemon [_thread_in_native, id=12028, stack(0x00000000186f0000,0x00000000187f0000)]
  0x0000000016cef000 JavaThread "Attach Listener" daemon [_thread_blocked, id=6588, stack(0x00000000185f0000,0x00000000186f0000)]
  0x00000000180f8800 JavaThread "Signal Dispatcher" daemon [_thread_blocked, id=19720, stack(0x00000000184f0000,0x00000000185f0000)]
  0x0000000016cc9000 JavaThread "Finalizer" daemon [_thread_blocked, id=21952, stack(0x0000000017f60000,0x0000000018060000)]
  0x0000000003363800 JavaThread "Reference Handler" daemon [_thread_blocked, id=8448, stack(0x0000000017e60000,0x0000000017f60000)]
  0x000000000326e000 JavaThread "main" [_thread_blocked, id=19656, stack(0x0000000003120000,0x0000000003220000)]

Other Threads:
  0x0000000016ca5000 VMThread [stack: 0x0000000017d60000,0x0000000017e60000] [id=3956]
  0x0000000018185000 WatcherThread [stack: 0x0000000018af0000,0x0000000018bf0000] [id=6240]

VM state:not at safepoint (normal execution)

VM Mutex/Monitor currently owned by a thread: None

Heap:
 PSYoungGen      total 182272K, used 156950K [0x00000000e0000000, 0x00000000ef000000, 0x0000000100000000)
  eden space 151552K, 93% used [0x00000000e0000000,0x00000000e8acfe08,0x00000000e9400000)
  from space 30720K, 48% used [0x00000000ed200000,0x00000000ee075d90,0x00000000ef000000)
  to   space 31232K, 0% used [0x00000000e9400000,0x00000000e9400000,0x00000000eb280000)
 ParOldGen       total 258560K, used 55187K [0x00000000a0000000, 0x00000000afc80000, 0x00000000e0000000)
  object space 258560K, 21% used [0x00000000a0000000,0x00000000a35e4dd8,0x00000000afc80000)
 Metaspace       used 65535K, capacity 68196K, committed 68480K, reserved 1107968K
  class space    used 8736K, capacity 9279K, committed 9344K, reserved 1048576K

Card table byte_map: [0x0000000012730000,0x0000000012a40000] byte_map_base: 0x0000000012230000

Marking Bits: (ParMarkBitMap*) 0x000000005d914970
 Begin Bits: [0x0000000013040000, 0x0000000014840000)
 End Bits:   [0x0000000014840000, 0x0000000016040000)

Polling page: 0x0000000001330000

CodeCache: size=245760Kb used=26760Kb max_used=26760Kb free=218999Kb
 bounds [0x0000000003370000, 0x0000000004dc0000, 0x0000000012370000]
 total_blobs=9672 nmethods=8878 adapters=707
 compilation: enabled

Compilation events (10 events):
Event: 223.171 Thread 0x0000000018130000 10686       3       com.google.common.collect.ImmutableSortedMap::fromSortedEntries (89 bytes)
Event: 223.173 Thread 0x0000000018130000 nmethod 10686 0x0000000004daac90 code [0x0000000004dab020, 0x0000000004dace38]
Event: 223.173 Thread 0x0000000018130000 10688       3       com.google.common.collect.ImmutableSortedMap::fromEntries (65 bytes)
Event: 223.174 Thread 0x0000000018130000 nmethod 10688 0x0000000004dae3d0 code [0x0000000004dae640, 0x0000000004daf608]
Event: 223.174 Thread 0x0000000018130000 10687       3       org.gradle.api.internal.changedetection.state.DefaultFileCollectionSnapshot::getHash (45 bytes)
Event: 223.176 Thread 0x0000000018130000 nmethod 10687 0x0000000004db0050 code [0x0000000004db02e0, 0x0000000004db1508]
Event: 223.176 Thread 0x0000000018130000 10689       1       com.google.common.collect.RegularImmutableSortedMap$EntrySet$1::delegateCollection (5 bytes)
Event: 223.176 Thread 0x0000000018130000 nmethod 10689 0x0000000004db2190 code [0x0000000004db22e0, 0x0000000004db23f0]
Event: 223.176 Thread 0x0000000018130000 10690       1       com.google.common.collect.RegularImmutableSortedMap$EntrySet::map (5 bytes)
Event: 223.176 Thread 0x0000000018130000 nmethod 10690 0x0000000004db2450 code [0x0000000004db25a0, 0x0000000004db26b0]

GC Heap History (10 events):
Event: 13.570 GC heap before
{Heap before GC invocations=13 (full 3):
 PSYoungGen      total 146432K, used 19963K [0x00000000e0000000, 0x00000000eba80000, 0x0000000100000000)
  eden space 126464K, 0% used [0x00000000e0000000,0x00000000e0000000,0x00000000e7b80000)
  from space 19968K, 99% used [0x00000000e9600000,0x00000000ea97ee08,0x00000000ea980000)
  to   space 27136K, 0% used [0x00000000e7b80000,0x00000000e7b80000,0x00000000e9600000)
 ParOldGen       total 161792K, used 38505K [0x00000000a0000000, 0x00000000a9e00000, 0x00000000e0000000)
  object space 161792K, 23% used [0x00000000a0000000,0x00000000a259a730,0x00000000a9e00000)
 Metaspace       used 57160K, capacity 58814K, committed 59008K, reserved 1099776K
  class space    used 7821K, capacity 8212K, committed 8320K, reserved 1048576K
Event: 13.853 GC heap after
Heap after GC invocations=13 (full 3):
 PSYoungGen      total 146432K, used 0K [0x00000000e0000000, 0x00000000eba80000, 0x0000000100000000)
  eden space 126464K, 0% used [0x00000000e0000000,0x00000000e0000000,0x00000000e7b80000)
  from space 19968K, 0% used [0x00000000e9600000,0x00000000e9600000,0x00000000ea980000)
  to   space 27136K, 0% used [0x00000000e7b80000,0x00000000e7b80000,0x00000000e9600000)
 ParOldGen       total 258560K, used 50311K [0x00000000a0000000, 0x00000000afc80000, 0x00000000e0000000)
  object space 258560K, 19% used [0x00000000a0000000,0x00000000a3121db0,0x00000000afc80000)
 Metaspace       used 57160K, capacity 58814K, committed 59008K, reserved 1099776K
  class space    used 7821K, capacity 8212K, committed 8320K, reserved 1048576K
}
Event: 15.586 GC heap before
{Heap before GC invocations=14 (full 3):
 PSYoungGen      total 146432K, used 126464K [0x00000000e0000000, 0x00000000eba80000, 0x0000000100000000)
  eden space 126464K, 100% used [0x00000000e0000000,0x00000000e7b80000,0x00000000e7b80000)
  from space 19968K, 0% used [0x00000000e9600000,0x00000000e9600000,0x00000000ea980000)
  to   space 27136K, 0% used [0x00000000e7b80000,0x00000000e7b80000,0x00000000e9600000)
 ParOldGen       total 258560K, used 50311K [0x00000000a0000000, 0x00000000afc80000, 0x00000000e0000000)
  object space 258560K, 19% used [0x00000000a0000000,0x00000000a3121db0,0x00000000afc80000)
 Metaspace       used 59571K, capacity 61670K, committed 61824K, reserved 1101824K
  class space    used 8087K, capacity 8512K, committed 8576K, reserved 1048576K
Event: 15.634 GC heap after
Heap after GC invocations=14 (full 3):
 PSYoungGen      total 153600K, used 27114K [0x00000000e0000000, 0x00000000ed580000, 0x0000000100000000)
  eden space 126464K, 0% used [0x00000000e0000000,0x00000000e0000000,0x00000000e7b80000)
  from space 27136K, 99% used [0x00000000e7b80000,0x00000000e95fa928,0x00000000e9600000)
  to   space 32768K, 0% used [0x00000000eb580000,0x00000000eb580000,0x00000000ed580000)
 ParOldGen       total 258560K, used 55163K [0x00000000a0000000, 0x00000000afc80000, 0x00000000e0000000)
  object space 258560K, 21% used [0x00000000a0000000,0x00000000a35dedd8,0x00000000afc80000)
 Metaspace       used 59571K, capacity 61670K, committed 61824K, reserved 1101824K
  class space    used 8087K, capacity 8512K, committed 8576K, reserved 1048576K
}
Event: 17.155 GC heap before
{Heap before GC invocations=15 (full 3):
 PSYoungGen      total 153600K, used 153578K [0x00000000e0000000, 0x00000000ed580000, 0x0000000100000000)
  eden space 126464K, 100% used [0x00000000e0000000,0x00000000e7b80000,0x00000000e7b80000)
  from space 27136K, 99% used [0x00000000e7b80000,0x00000000e95fa928,0x00000000e9600000)
  to   space 32768K, 0% used [0x00000000eb580000,0x00000000eb580000,0x00000000ed580000)
 ParOldGen       total 258560K, used 55163K [0x00000000a0000000, 0x00000000afc80000, 0x00000000e0000000)
  object space 258560K, 21% used [0x00000000a0000000,0x00000000a35dedd8,0x00000000afc80000)
 Metaspace       used 60942K, capacity 63236K, committed 63360K, reserved 1103872K
  class space    used 8251K, capacity 8739K, committed 8832K, reserved 1048576K
Event: 17.175 GC heap after
Heap after GC invocations=15 (full 3):
 PSYoungGen      total 179712K, used 15368K [0x00000000e0000000, 0x00000000ed100000, 0x0000000100000000)
  eden space 151552K, 0% used [0x00000000e0000000,0x00000000e0000000,0x00000000e9400000)
  from space 28160K, 54% used [0x00000000eb580000,0x00000000ec482028,0x00000000ed100000)
  to   space 31232K, 0% used [0x00000000e9400000,0x00000000e9400000,0x00000000eb280000)
 ParOldGen       total 258560K, used 55171K [0x00000000a0000000, 0x00000000afc80000, 0x00000000e0000000)
  object space 258560K, 21% used [0x00000000a0000000,0x00000000a35e0dd8,0x00000000afc80000)
 Metaspace       used 60942K, capacity 63236K, committed 63360K, reserved 1103872K
  class space    used 8251K, capacity 8739K, committed 8832K, reserved 1048576K
}
Event: 17.843 GC heap before
{Heap before GC invocations=16 (full 3):
 PSYoungGen      total 179712K, used 166186K [0x00000000e0000000, 0x00000000ed100000, 0x0000000100000000)
  eden space 151552K, 99% used [0x00000000e0000000,0x00000000e93489b0,0x00000000e9400000)
  from space 28160K, 54% used [0x00000000eb580000,0x00000000ec482028,0x00000000ed100000)
  to   space 31232K, 0% used [0x00000000e9400000,0x00000000e9400000,0x00000000eb280000)
 ParOldGen       total 258560K, used 55171K [0x00000000a0000000, 0x00000000afc80000, 0x00000000e0000000)
  object space 258560K, 21% used [0x00000000a0000000,0x00000000a35e0dd8,0x00000000afc80000)
 Metaspace       used 61940K, capacity 64394K, committed 64512K, reserved 1105920K
  class space    used 8402K, capacity 8878K, committed 8960K, reserved 1048576K
Event: 17.862 GC heap after
Heap after GC invocations=16 (full 3):
 PSYoungGen      total 182784K, used 18382K [0x00000000e0000000, 0x00000000ef000000, 0x0000000100000000)
  eden space 151552K, 0% used [0x00000000e0000000,0x00000000e0000000,0x00000000e9400000)
  from space 31232K, 58% used [0x00000000e9400000,0x00000000ea5f3bc0,0x00000000eb280000)
  to   space 30720K, 0% used [0x00000000ed200000,0x00000000ed200000,0x00000000ef000000)
 ParOldGen       total 258560K, used 55179K [0x00000000a0000000, 0x00000000afc80000, 0x00000000e0000000)
  object space 258560K, 21% used [0x00000000a0000000,0x00000000a35e2dd8,0x00000000afc80000)
 Metaspace       used 61940K, capacity 64394K, committed 64512K, reserved 1105920K
  class space    used 8402K, capacity 8878K, committed 8960K, reserved 1048576K
}
Event: 17.879 GC heap before
{Heap before GC invocations=17 (full 3):
 PSYoungGen      total 182784K, used 169070K [0x00000000e0000000, 0x00000000ef000000, 0x0000000100000000)
  eden space 151552K, 99% used [0x00000000e0000000,0x00000000e9327e70,0x00000000e9400000)
  from space 31232K, 58% used [0x00000000e9400000,0x00000000ea5f3bc0,0x00000000eb280000)
  to   space 30720K, 0% used [0x00000000ed200000,0x00000000ed200000,0x00000000ef000000)
 ParOldGen       total 258560K, used 55179K [0x00000000a0000000, 0x00000000afc80000, 0x00000000e0000000)
  object space 258560K, 21% used [0x00000000a0000000,0x00000000a35e2dd8,0x00000000afc80000)
 Metaspace       used 61947K, capacity 64394K, committed 64512K, reserved 1105920K
  class space    used 8402K, capacity 8878K, committed 8960K, reserved 1048576K
Event: 17.904 GC heap after
Heap after GC invocations=17 (full 3):
 PSYoungGen      total 182272K, used 14807K [0x00000000e0000000, 0x00000000ef000000, 0x0000000100000000)
  eden space 151552K, 0% used [0x00000000e0000000,0x00000000e0000000,0x00000000e9400000)
  from space 30720K, 48% used [0x00000000ed200000,0x00000000ee075d90,0x00000000ef000000)
  to   space 31232K, 0% used [0x00000000e9400000,0x00000000e9400000,0x00000000eb280000)
 ParOldGen       total 258560K, used 55187K [0x00000000a0000000, 0x00000000afc80000, 0x00000000e0000000)
  object space 258560K, 21% used [0x00000000a0000000,0x00000000a35e4dd8,0x00000000afc80000)
 Metaspace       used 61947K, capacity 64394K, committed 64512K, reserved 1105920K
  class space    used 8402K, capacity 8878K, committed 8960K, reserved 1048576K
}

Deoptimization events (10 events):
Event: 221.406 Thread 0x000000001cc18800 Uncommon trap: reason=class_check action=maybe_recompile pc=0x0000000003d78a60 method=java.lang.reflect.Array.newInstance(Ljava/lang/Class;I)Ljava/lang/Object; @ 2
Event: 221.406 Thread 0x000000001cc18800 Uncommon trap: reason=class_check action=maybe_recompile pc=0x0000000004bec0d0 method=sun.nio.ch.IOUtil.read(Ljava/io/FileDescriptor;Ljava/nio/ByteBuffer;JLsun/nio/ch/NativeDispatcher;)I @ 1
Event: 221.424 Thread 0x000000001cc19000 Uncommon trap: reason=unstable_if action=reinterpret pc=0x0000000004b2cb1c method=org.gradle.internal.logging.sink.OutputEventRenderer$4.onOutput(Lorg/gradle/internal/logging/events/OutputEvent;)V @ 7
Event: 221.436 Thread 0x000000001cc1a000 Uncommon trap: reason=null_check action=make_not_entrant pc=0x0000000003f43208 method=org.gradle.internal.serialize.DefaultSerializerRegistry$TaggedTypeSerializer.map(Ljava/lang/Class;)Lorg/gradle/internal/serialize/DefaultSerializerRegistry$TypeInfo; @ 1
Event: 221.473 Thread 0x000000001cc1a000 Uncommon trap: reason=unstable_if action=reinterpret pc=0x00000000038bada8 method=org.gradle.internal.hash.HashCode.equals(Ljava/lang/Object;)Z @ 2
Event: 221.938 Thread 0x000000001cc1a000 Uncommon trap: reason=unstable_if action=reinterpret pc=0x00000000045e11f4 method=com.google.common.collect.Maps.capacity(I)I @ 2
Event: 222.235 Thread 0x000000001cc1a000 Uncommon trap: reason=unstable_if action=reinterpret pc=0x00000000036b07ac method=com.google.common.base.CharMatcher$IsEither.matches(C)Z @ 5
Event: 222.254 Thread 0x000000001cc1a000 Uncommon trap: reason=class_check action=maybe_recompile pc=0x00000000035116f4 method=java.util.stream.ReferencePipeline.forEachWithCancel(Ljava/util/Spliterator;Ljava/util/stream/Sink;)V @ 1
Event: 222.263 Thread 0x000000001cc1a000 Uncommon trap: reason=class_check action=maybe_recompile pc=0x00000000035116f4 method=java.util.stream.ReferencePipeline.forEachWithCancel(Ljava/util/Spliterator;Ljava/util/stream/Sink;)V @ 1
Event: 222.263 Thread 0x000000001cc1a000 Uncommon trap: reason=class_check action=maybe_recompile pc=0x00000000035116f4 method=java.util.stream.ReferencePipeline.forEachWithCancel(Ljava/util/Spliterator;Ljava/util/stream/Sink;)V @ 1

Classes redefined (0 events):
No events

Internal exceptions (10 events):
Event: 222.031 Thread 0x000000001cc1a000 Exception <a 'sun/nio/fs/WindowsException'> (0x00000000e5b8aae8) thrown at [D:\src\AOSP-openjdk-cygwin\jdk8u\hotspot\src\share\vm\prims\jni.cpp, line 709]
Event: 222.031 Thread 0x000000001cc1a000 Exception <a 'sun/nio/fs/WindowsException'> (0x00000000e5b8b708) thrown at [D:\src\AOSP-openjdk-cygwin\jdk8u\hotspot\src\share\vm\prims\jni.cpp, line 709]
Event: 222.032 Thread 0x000000001cc1a000 Exception <a 'sun/nio/fs/WindowsException'> (0x00000000e5b8e4d0) thrown at [D:\src\AOSP-openjdk-cygwin\jdk8u\hotspot\src\share\vm\prims\jni.cpp, line 709]
Event: 222.032 Thread 0x000000001cc1a000 Exception <a 'sun/nio/fs/WindowsException'> (0x00000000e5b8f128) thrown at [D:\src\AOSP-openjdk-cygwin\jdk8u\hotspot\src\share\vm\prims\jni.cpp, line 709]
Event: 222.032 Thread 0x000000001cc1a000 Exception <a 'sun/nio/fs/WindowsException'> (0x00000000e5b90db8) thrown at [D:\src\AOSP-openjdk-cygwin\jdk8u\hotspot\src\share\vm\prims\jni.cpp, line 709]
Event: 222.033 Thread 0x000000001cc1a000 Exception <a 'sun/nio/fs/WindowsException'> (0x00000000e5b91a50) thrown at [D:\src\AOSP-openjdk-cygwin\jdk8u\hotspot\src\share\vm\prims\jni.cpp, line 709]
Event: 222.033 Thread 0x000000001cc1a000 Exception <a 'sun/nio/fs/WindowsException'> (0x00000000e5b950e0) thrown at [D:\src\AOSP-openjdk-cygwin\jdk8u\hotspot\src\share\vm\prims\jni.cpp, line 709]
Event: 222.034 Thread 0x000000001cc1a000 Exception <a 'sun/nio/fs/WindowsException'> (0x00000000e5b95da0) thrown at [D:\src\AOSP-openjdk-cygwin\jdk8u\hotspot\src\share\vm\prims\jni.cpp, line 709]
Event: 222.034 Thread 0x000000001cc1a000 Exception <a 'sun/nio/fs/WindowsException'> (0x00000000e5b97aa8) thrown at [D:\src\AOSP-openjdk-cygwin\jdk8u\hotspot\src\share\vm\prims\jni.cpp, line 709]
Event: 222.034 Thread 0x000000001cc1a000 Exception <a 'sun/nio/fs/WindowsException'> (0x00000000e5b987a0) thrown at [D:\src\AOSP-openjdk-cygwin\jdk8u\hotspot\src\share\vm\prims\jni.cpp, line 709]

Events (10 events):
Event: 222.438 Executing VM operation: RevokeBias
Event: 222.438 Executing VM operation: RevokeBias done
Event: 222.538 Thread 0x000000001f113800 DEOPT PACKING pc=0x0000000004451406 sp=0x0000000026aac2c0
Event: 222.538 Thread 0x000000001f113800 DEOPT UNPACKING pc=0x00000000033b75d0 sp=0x0000000026aac0e0 mode 0
Event: 222.566 Executing VM operation: RevokeBias
Event: 222.566 Executing VM operation: RevokeBias done
Event: 222.624 Executing VM operation: RevokeBias
Event: 222.625 Executing VM operation: RevokeBias done
Event: 222.703 Thread 0x000000001cc24000 DEOPT PACKING pc=0x0000000003d35fbe sp=0x00000000263ade20
Event: 222.703 Thread 0x000000001cc24000 DEOPT UNPACKING pc=0x00000000033b75d0 sp=0x00000000263adad0 mode 0


Dynamic libraries:
0x00007ff7c4670000 - 0x00007ff7c46a1000 	C:\Program Files\Android\Android Studio\jre\bin\java.exe
0x00007ffa5be10000 - 0x00007ffa5bff1000 	C:\WINDOWS\SYSTEM32\ntdll.dll
0x00007ffa53810000 - 0x00007ffa53844000 	C:\Program Files\AVAST Software\Avast\x64\aswhooka.dll
0x00007ffa5b760000 - 0x00007ffa5b812000 	C:\WINDOWS\System32\KERNEL32.DLL
0x00007ffa58b40000 - 0x00007ffa58db3000 	C:\WINDOWS\System32\KERNELBASE.dll
0x00007ffa5b820000 - 0x00007ffa5b8c1000 	C:\WINDOWS\System32\ADVAPI32.dll
0x00007ffa5b110000 - 0x00007ffa5b1ae000 	C:\WINDOWS\System32\msvcrt.dll
0x00007ffa5aa70000 - 0x00007ffa5aacb000 	C:\WINDOWS\System32\sechost.dll
0x00007ffa5bcb0000 - 0x00007ffa5bdd4000 	C:\WINDOWS\System32\RPCRT4.dll
0x00007ffa592d0000 - 0x00007ffa59460000 	C:\WINDOWS\System32\USER32.dll
0x00007ffa58e70000 - 0x00007ffa58e90000 	C:\WINDOWS\System32\win32u.dll
0x00007ffa5bc70000 - 0x00007ffa5bc98000 	C:\WINDOWS\System32\GDI32.dll
0x00007ffa58f10000 - 0x00007ffa590a2000 	C:\WINDOWS\System32\gdi32full.dll
0x00007ffa588f0000 - 0x00007ffa5898f000 	C:\WINDOWS\System32\msvcp_win.dll
0x00007ffa58990000 - 0x00007ffa58a8a000 	C:\WINDOWS\System32\ucrtbase.dll
0x00007ffa47f50000 - 0x00007ffa481b9000 	C:\WINDOWS\WinSxS\amd64_microsoft.windows.common-controls_6595b64144ccf1df_6.0.17134.285_none_fb4297e330656775\COMCTL32.dll
0x00007ffa5ade0000 - 0x00007ffa5b103000 	C:\WINDOWS\System32\combase.dll
0x00007ffa58e90000 - 0x00007ffa58f0a000 	C:\WINDOWS\System32\bcryptPrimitives.dll
0x00007ffa592a0000 - 0x00007ffa592cd000 	C:\WINDOWS\System32\IMM32.DLL
0x000000005d070000 - 0x000000005d142000 	C:\Program Files\Android\Android Studio\jre\jre\bin\msvcr100.dll
0x000000005d150000 - 0x000000005d98f000 	C:\Program Files\Android\Android Studio\jre\jre\bin\server\jvm.dll
0x00007ffa5b9e0000 - 0x00007ffa5b9e8000 	C:\WINDOWS\System32\PSAPI.DLL
0x00007ffa56d60000 - 0x00007ffa56d69000 	C:\WINDOWS\SYSTEM32\WSOCK32.dll
0x00007ffa5aaf0000 - 0x00007ffa5ab5c000 	C:\WINDOWS\System32\WS2_32.dll
0x00007ffa50b90000 - 0x00007ffa50bb3000 	C:\WINDOWS\SYSTEM32\WINMM.dll
0x00007ffa50b50000 - 0x00007ffa50b5a000 	C:\WINDOWS\SYSTEM32\VERSION.dll
0x00007ffa50980000 - 0x00007ffa509aa000 	C:\WINDOWS\SYSTEM32\WINMMBASE.dll
0x00007ffa58dc0000 - 0x00007ffa58e09000 	C:\WINDOWS\System32\cfgmgr32.dll
0x00007ffa529e0000 - 0x00007ffa529ef000 	C:\Program Files\Android\Android Studio\jre\jre\bin\verify.dll
0x00007ffa52370000 - 0x00007ffa52399000 	C:\Program Files\Android\Android Studio\jre\jre\bin\java.dll
0x00007ffa529c0000 - 0x00007ffa529d6000 	C:\Program Files\Android\Android Studio\jre\jre\bin\zip.dll
0x00007ffa59460000 - 0x00007ffa5a8a0000 	C:\WINDOWS\System32\SHELL32.dll
0x00007ffa5b8d0000 - 0x00007ffa5b979000 	C:\WINDOWS\System32\shcore.dll
0x00007ffa581e0000 - 0x00007ffa588ed000 	C:\WINDOWS\System32\windows.storage.dll
0x00007ffa5b980000 - 0x00007ffa5b9d1000 	C:\WINDOWS\System32\shlwapi.dll
0x00007ffa581a0000 - 0x00007ffa581b1000 	C:\WINDOWS\System32\kernel.appcore.dll
0x00007ffa58180000 - 0x00007ffa5819f000 	C:\WINDOWS\System32\profapi.dll
0x00007ffa58130000 - 0x00007ffa5817c000 	C:\WINDOWS\System32\powrprof.dll
0x00007ffa58120000 - 0x00007ffa5812a000 	C:\WINDOWS\System32\FLTLIB.DLL
0x00007ffa50430000 - 0x00007ffa5044a000 	C:\Program Files\Android\Android Studio\jre\jre\bin\net.dll
0x00007ffa579a0000 - 0x00007ffa57a06000 	C:\WINDOWS\system32\mswsock.dll
0x00007ffa4f500000 - 0x00007ffa4f511000 	C:\Program Files\Android\Android Studio\jre\jre\bin\nio.dll
0x00007ffa53400000 - 0x00007ffa5341e000 	C:\Users\gsa23\.gradle\native\25\windows-amd64\native-platform.dll
0x00007ffa50420000 - 0x00007ffa5042d000 	C:\Program Files\Android\Android Studio\jre\jre\bin\management.dll
0x00007ffa57b50000 - 0x00007ffa57b67000 	C:\WINDOWS\SYSTEM32\CRYPTSP.dll
0x00007ffa57580000 - 0x00007ffa575b3000 	C:\WINDOWS\system32\rsaenh.dll
0x00007ffa57c80000 - 0x00007ffa57ca5000 	C:\WINDOWS\SYSTEM32\bcrypt.dll
0x00007ffa58050000 - 0x00007ffa58078000 	C:\WINDOWS\SYSTEM32\USERENV.dll
0x00007ffa57b70000 - 0x00007ffa57b7b000 	C:\WINDOWS\SYSTEM32\CRYPTBASE.dll
0x00007ffa57720000 - 0x00007ffa57758000 	C:\WINDOWS\SYSTEM32\IPHLPAPI.DLL
0x00007ffa5bca0000 - 0x00007ffa5bca8000 	C:\WINDOWS\System32\NSI.dll
0x00007ffa50cc0000 - 0x00007ffa50cd6000 	C:\WINDOWS\SYSTEM32\dhcpcsvc6.DLL
0x00007ffa50c40000 - 0x00007ffa50c5a000 	C:\WINDOWS\SYSTEM32\dhcpcsvc.DLL

VM Arguments:
jvm_args: -Xmx1536m -Dfile.encoding=x-windows-949 -Duser.country=KR -Duser.language=ko -Duser.variant 
java_command: org.gradle.launcher.daemon.bootstrap.GradleDaemon 4.4
java_class_path (initial): C:\Users\gsa23\.gradle\wrapper\dists\gradle-4.4-all\9br9xq1tocpiv8o6njlyu5op1\gradle-4.4\lib\gradle-launcher-4.4.jar
Launcher Type: SUN_STANDARD

Environment Variables:
JAVA_HOME=C:\Program Files\Java\jdk1.8.0_181
CLASSPATH=C:\Program Files\Java\jdk1.8.0_181lib
PATH=C:\Program Files (x86)\Common Files\Oracle\Java\javapath;C:\oraclexe\app\oracle\product\11.2.0\server\bin;C:\Program Files\Java\jdk1.8.0_181\bin;C:\ProgramData\Oracle\Java\javapath;C:\WINDOWS\system32;C:\WINDOWS;C:\WINDOWS\System32\Wbem;C:\WINDOWS\System32\WindowsPowerShell\v1.0\;C:\Program Files (x86)\NVIDIA Corporation\PhysX\Common;C:\WINDOWS\system32;C:\WINDOWS;C:\WINDOWS\System32\Wbem;C:\WINDOWS\System32\WindowsPowerShell\v1.0\;C:\WINDOWS\System32\OpenSSH\;C:\Program Files\PuTTY\;C:\Users\gsa23\AppData\Local\Microsoft\WindowsApps;C:\Users\gsa23\AppData\Local\Programs\Microsoft VS Code\bin
USERNAME=°í±´
OS=Windows_NT
PROCESSOR_IDENTIFIER=Intel64 Family 6 Model 78 Stepping 3, GenuineIntel



---------------  S Y S T E M  ---------------

OS: Windows 10.0 , 64 bit Build 17134 (10.0.17134.1)

CPU:total 4 (initial active 4) (2 cores per cpu, 2 threads per core) family 6 model 78 stepping 3, cmov, cx8, fxsr, mmx, sse, sse2, sse3, ssse3, sse4.1, sse4.2, popcnt, avx, avx2, aes, clmul, erms, 3dnowpref, lzcnt, ht, tsc, tscinvbit, bmi1, bmi2, adx

Memory: 4k page, physical 12440684k(5332836k free), swap 24882136k(4552k free)

vm_info: OpenJDK 64-Bit Server VM (25.152-b02) for windows-amd64 JRE (1.8.0_152-release-1024-b02), built by "builder" with MS VC++ 10.0 (VS2010)

time: Thu Sep 27 18:16:58 2018
elapsed time: 223 seconds (0d 0h 3m 43s)

