#
# There is insufficient memory for the Java Runtime Environment to continue.
# Native memory allocation (malloc) failed to allocate 32744 bytes for ChunkPool::allocate
# Possible reasons:
#   The system is out of physical RAM or swap space
#   In 32 bit mode, the process size limit was hit
# Possible solutions:
#   Reduce memory load on the system
#   Increase physical memory or swap space
#   Check if swap backing store is full
#   Use 64 bit Java on a 64 bit OS
#   Decrease Java heap size (-Xmx/-Xms)
#   Decrease number of Java threads
#   Decrease Java thread stack sizes (-Xss)
#   Set larger code cache with -XX:ReservedCodeCacheSize=
# This output file may be truncated or incomplete.
#
#  Out of Memory Error (allocation.cpp:273), pid=20852, tid=0x00000000000033a8
#
# JRE version: OpenJDK Runtime Environment (8.0_152-b06) (build 1.8.0_152-release-1136-b06)
# Java VM: OpenJDK 64-Bit Server VM (25.152-b06 mixed mode windows-amd64 compressed oops)
# Failed to write core dump. Minidumps are not enabled by default on client versions of Windows
#

---------------  T H R E A D  ---------------

Current thread (0x0000000018f3a000):  JavaThread "Daemon worker" [_thread_in_vm, id=13224, stack(0x000000001a150000,0x000000001a250000)]

Stack: [0x000000001a150000,0x000000001a250000]
[error occurred during error reporting (printing stack bounds), id 0xc0000005]

Native frames: (J=compiled Java code, j=interpreted, Vv=VM code, C=native code)

Java frames: (J=compiled Java code, j=interpreted, Vv=VM code)
J 1518  java.lang.System.identityHashCode(Ljava/lang/Object;)I (0 bytes) @ 0x0000000002c67812 [0x0000000002c677c0+0x52]
j  java.util.IdentityHashMap.hash(Ljava/lang/Object;I)I+1
j  java.util.IdentityHashMap.put(Ljava/lang/Object;Ljava/lang/Object;)Ljava/lang/Object;+19
j  java.util.Collections$SetFromMap.add(Ljava/lang/Object;)Z+8
j  java.lang.Throwable.printStackTrace(Ljava/lang/Throwable$PrintStreamOrWriter;)V+13
j  java.lang.Throwable.printStackTrace(Ljava/io/PrintWriter;)V+9
j  org.gradle.tooling.internal.provider.events.DefaultFailure.fromThrowable(Ljava/lang/Throwable;)Lorg/gradle/tooling/internal/provider/events/DefaultFailure;+19
j  org.gradle.tooling.internal.provider.runner.ClientForwardingBuildOperationListener.adaptResult(Lorg/gradle/internal/progress/OperationFinishEvent;)Lorg/gradle/tooling/internal/provider/events/AbstractOperationResult;+28
j  org.gradle.tooling.internal.provider.runner.ClientForwardingBuildOperationListener.finished(Lorg/gradle/internal/progress/BuildOperationDescriptor;Lorg/gradle/internal/progress/OperationFinishEvent;)V+19
j  org.gradle.tooling.internal.provider.runner.TestIgnoringBuildOperationListener.finished(Lorg/gradle/internal/progress/BuildOperationDescriptor;Lorg/gradle/internal/progress/OperationFinishEvent;)V+16
j  org.gradle.tooling.internal.provider.runner.ClientForwardingTaskOperationListener.finished(Lorg/gradle/internal/progress/BuildOperationDescriptor;Lorg/gradle/internal/progress/OperationFinishEvent;)V+86
v  ~StubRoutines::call_stub
J 1527  sun.reflect.NativeMethodAccessorImpl.invoke0(Ljava/lang/reflect/Method;Ljava/lang/Object;[Ljava/lang/Object;)Ljava/lang/Object; (0 bytes) @ 0x0000000002c6cb3f [0x0000000002c6cac0+0x7f]
J 1526 C1 sun.reflect.NativeMethodAccessorImpl.invoke(Ljava/lang/Object;[Ljava/lang/Object;)Ljava/lang/Object; (104 bytes) @ 0x0000000002c6e164 [0x0000000002c6cfc0+0x11a4]
J 1009 C1 sun.reflect.DelegatingMethodAccessorImpl.invoke(Ljava/lang/Object;[Ljava/lang/Object;)Ljava/lang/Object; (10 bytes) @ 0x0000000002afaa44 [0x0000000002afa940+0x104]
J 1008 C1 java.lang.reflect.Method.invoke(Ljava/lang/Object;[Ljava/lang/Object;)Ljava/lang/Object; (62 bytes) @ 0x0000000002afb1ec [0x0000000002afae00+0x3ec]
J 1025 C1 org.gradle.internal.dispatch.ReflectionDispatch.dispatch(Lorg/gradle/internal/dispatch/MethodInvocation;)V (42 bytes) @ 0x0000000002b0cb64 [0x0000000002b0c7e0+0x384]
J 1024 C1 org.gradle.internal.dispatch.ReflectionDispatch.dispatch(Ljava/lang/Object;)V (9 bytes) @ 0x0000000002b09cac [0x0000000002b09b40+0x16c]
j  org.gradle.internal.event.DefaultListenerManager$ListenerDetails.dispatch(Lorg/gradle/internal/dispatch/MethodInvocation;)V+15
j  org.gradle.internal.event.DefaultListenerManager$ListenerDetails.dispatch(Ljava/lang/Object;)V+5
J 1276 C1 org.gradle.internal.event.AbstractBroadcastDispatch.dispatch(Lorg/gradle/internal/dispatch/MethodInvocation;Ljava/util/Iterator;)V (191 bytes) @ 0x0000000002bbb264 [0x0000000002bbaea0+0x3c4]
j  org.gradle.internal.event.DefaultListenerManager$EventBroadcast$ListenerDispatch.dispatch(Lorg/gradle/internal/dispatch/MethodInvocation;)V+29
j  org.gradle.internal.event.DefaultListenerManager$EventBroadcast$ListenerDispatch.dispatch(Ljava/lang/Object;)V+5
J 1276 C1 org.gradle.internal.event.AbstractBroadcastDispatch.dispatch(Lorg/gradle/internal/dispatch/MethodInvocation;Ljava/util/Iterator;)V (191 bytes) @ 0x0000000002bbb264 [0x0000000002bbaea0+0x3c4]
j  org.gradle.internal.event.DefaultListenerManager$EventBroadcast$ListenerDispatch.dispatch(Lorg/gradle/internal/dispatch/MethodInvocation;)V+29
j  org.gradle.internal.event.DefaultListenerManager$EventBroadcast$ListenerDispatch.dispatch(Ljava/lang/Object;)V+5
J 1276 C1 org.gradle.internal.event.AbstractBroadcastDispatch.dispatch(Lorg/gradle/internal/dispatch/MethodInvocation;Ljava/util/Iterator;)V (191 bytes) @ 0x0000000002bbb264 [0x0000000002bbaea0+0x3c4]
j  org.gradle.internal.event.DefaultListenerManager$EventBroadcast$ListenerDispatch.dispatch(Lorg/gradle/internal/dispatch/MethodInvocation;)V+29
j  org.gradle.internal.event.DefaultListenerManager$EventBroadcast.dispatch(Lorg/gradle/internal/dispatch/MethodInvocation;)V+5
j  org.gradle.internal.event.DefaultListenerManager$EventBroadcast.dispatch(Ljava/lang/Object;)V+5
J 1015 C1 org.gradle.internal.dispatch.ProxyDispatchAdapter$DispatchingInvocationHandler.invoke(Ljava/lang/Object;Ljava/lang/reflect/Method;[Ljava/lang/Object;)Ljava/lang/Object; (185 bytes) @ 0x0000000002b06664 [0x0000000002b054c0+0x11a4]
j  com.sun.proxy.$Proxy5.finished(Lorg/gradle/internal/progress/BuildOperationDescriptor;Lorg/gradle/internal/progress/OperationFinishEvent;)V+20
j  org.gradle.internal.progress.DefaultBuildOperationExecutor.execute(Lorg/gradle/internal/operations/BuildOperation;Lorg/gradle/internal/operations/BuildOperationWorker;Lorg/gradle/internal/progress/DefaultBuildOperationExecutor$DefaultBuildOperationState;)V+275
j  org.gradle.internal.progress.DefaultBuildOperationExecutor.call(Lorg/gradle/internal/operations/CallableBuildOperation;)Ljava/lang/Object;+22
j  org.gradle.initialization.BuildOperationSettingsProcessor.process(Lorg/gradle/api/internal/GradleInternal;Lorg/gradle/initialization/SettingsLocation;Lorg/gradle/api/internal/initialization/ClassLoaderScope;Lorg/gradle/StartParameter;)Lorg/gradle/api/internal/SettingsInternal;+17
j  org.gradle.initialization.DefaultSettingsLoader.findSettingsAndLoadIfAppropriate(Lorg/gradle/api/internal/GradleInternal;Lorg/gradle/StartParameter;)Lorg/gradle/api/internal/SettingsInternal;+51
j  org.gradle.initialization.DefaultSettingsLoader.findAndLoadSettings(Lorg/gradle/api/internal/GradleInternal;)Lorg/gradle/api/internal/SettingsInternal;+10
j  org.gradle.initialization.DefaultSettingsLoaderFactory$1.findAndLoadSettings(Lorg/gradle/api/internal/GradleInternal;)Lorg/gradle/api/internal/SettingsInternal;+5
j  org.gradle.internal.composite.CompositeBuildSettingsLoader.findAndLoadSettings(Lorg/gradle/api/internal/GradleInternal;)Lorg/gradle/api/internal/SettingsInternal;+5
j  org.gradle.initialization.DefaultGradleLauncher$LoadBuild.run(Lorg/gradle/internal/operations/BuildOperationContext;)V+35
j  org.gradle.internal.progress.DefaultBuildOperationExecutor$RunnableBuildOperationWorker.execute(Lorg/gradle/internal/operations/RunnableBuildOperation;Lorg/gradle/internal/operations/BuildOperationContext;)V+2
j  org.gradle.internal.progress.DefaultBuildOperationExecutor$RunnableBuildOperationWorker.execute(Lorg/gradle/internal/operations/BuildOperation;Lorg/gradle/internal/operations/BuildOperationContext;)V+6
j  org.gradle.internal.progress.DefaultBuildOperationExecutor.execute(Lorg/gradle/internal/operations/BuildOperation;Lorg/gradle/internal/operations/BuildOperationWorker;Lorg/gradle/internal/progress/DefaultBuildOperationExecutor$DefaultBuildOperationState;)V+177
j  org.gradle.internal.progress.DefaultBuildOperationExecutor.run(Lorg/gradle/internal/operations/RunnableBuildOperation;)V+20
j  org.gradle.initialization.DefaultGradleLauncher.loadSettings()V+33
j  org.gradle.initialization.DefaultGradleLauncher.doBuildStages(Lorg/gradle/initialization/DefaultGradleLauncher$Stage;)V+1
j  org.gradle.initialization.DefaultGradleLauncher.executeTasks()Lorg/gradle/api/internal/GradleInternal;+4
j  org.gradle.internal.invocation.GradleBuildController$1.call()Lorg/gradle/api/internal/GradleInternal;+7
j  org.gradle.internal.invocation.GradleBuildController$1.call()Ljava/lang/Object;+1
j  org.gradle.internal.work.DefaultWorkerLeaseService.withLocks(Ljava/lang/Iterable;Ljava/util/concurrent/Callable;)Ljava/lang/Object;+15
j  org.gradle.internal.invocation.GradleBuildController.doBuild(Ljava/util/concurrent/Callable;)Lorg/gradle/api/internal/GradleInternal;+52
j  org.gradle.internal.invocation.GradleBuildController.run()Lorg/gradle/api/internal/GradleInternal;+9
j  org.gradle.tooling.internal.provider.runner.BuildModelActionRunner.run(Lorg/gradle/internal/invocation/BuildAction;Lorg/gradle/internal/invocation/BuildController;)V+66
j  org.gradle.launcher.exec.ChainingBuildActionRunner.run(Lorg/gradle/internal/invocation/BuildAction;Lorg/gradle/internal/invocation/BuildController;)V+34
j  org.gradle.launcher.exec.ChainingBuildActionRunner.run(Lorg/gradle/internal/invocation/BuildAction;Lorg/gradle/internal/invocation/BuildController;)V+34
j  org.gradle.tooling.internal.provider.ValidatingBuildActionRunner.run(Lorg/gradle/internal/invocation/BuildAction;Lorg/gradle/internal/invocation/BuildController;)V+6
j  org.gradle.launcher.exec.RunAsBuildOperationBuildActionRunner$1.run(Lorg/gradle/internal/operations/BuildOperationContext;)V+15
j  org.gradle.internal.progress.DefaultBuildOperationExecutor$RunnableBuildOperationWorker.execute(Lorg/gradle/internal/operations/RunnableBuildOperation;Lorg/gradle/internal/operations/BuildOperationContext;)V+2
j  org.gradle.internal.progress.DefaultBuildOperationExecutor$RunnableBuildOperationWorker.execute(Lorg/gradle/internal/operations/BuildOperation;Lorg/gradle/internal/operations/BuildOperationContext;)V+6
j  org.gradle.internal.progress.DefaultBuildOperationExecutor.execute(Lorg/gradle/internal/operations/BuildOperation;Lorg/gradle/internal/operations/BuildOperationWorker;Lorg/gradle/internal/progress/DefaultBuildOperationExecutor$DefaultBuildOperationState;)V+177
j  org.gradle.internal.progress.DefaultBuildOperationExecutor.run(Lorg/gradle/internal/operations/RunnableBuildOperation;)V+20
j  org.gradle.launcher.exec.RunAsBuildOperationBuildActionRunner.run(Lorg/gradle/internal/invocation/BuildAction;Lorg/gradle/internal/invocation/BuildController;)V+34
j  org.gradle.tooling.internal.provider.SubscribableBuildActionRunner.run(Lorg/gradle/internal/invocation/BuildAction;Lorg/gradle/internal/invocation/BuildController;)V+40
j  org.gradle.launcher.exec.InProcessBuildActionExecuter.execute(Lorg/gradle/internal/invocation/BuildAction;Lorg/gradle/initialization/BuildRequestContext;Lorg/gradle/launcher/exec/BuildActionParameters;Lorg/gradle/internal/service/ServiceRegistry;)Ljava/lang/Object;+81
j  org.gradle.launcher.exec.InProcessBuildActionExecuter.execute(Lorg/gradle/internal/invocation/BuildAction;Lorg/gradle/initialization/BuildRequestContext;Ljava/lang/Object;Lorg/gradle/internal/service/ServiceRegistry;)Ljava/lang/Object;+9
j  org.gradle.launcher.exec.BuildTreeScopeBuildActionExecuter.execute(Lorg/gradle/internal/invocation/BuildAction;Lorg/gradle/initialization/BuildRequestContext;Lorg/gradle/launcher/exec/BuildActionParameters;Lorg/gradle/internal/service/ServiceRegistry;)Ljava/lang/Object;+38
j  org.gradle.launcher.exec.BuildTreeScopeBuildActionExecuter.execute(Lorg/gradle/internal/invocation/BuildAction;Lorg/gradle/initialization/BuildRequestContext;Ljava/lang/Object;Lorg/gradle/internal/service/ServiceRegistry;)Ljava/lang/Object;+9
j  org.gradle.tooling.internal.provider.ContinuousBuildActionExecuter.execute(Lorg/gradle/internal/invocation/BuildAction;Lorg/gradle/initialization/BuildRequestContext;Lorg/gradle/launcher/exec/BuildActionParameters;Lorg/gradle/internal/service/ServiceRegistry;)Ljava/lang/Object;+63
j  org.gradle.tooling.internal.provider.ContinuousBuildActionExecuter.execute(Lorg/gradle/internal/invocation/BuildAction;Lorg/gradle/initialization/BuildRequestContext;Ljava/lang/Object;Lorg/gradle/internal/service/ServiceRegistry;)Ljava/lang/Object;+9
j  org.gradle.tooling.internal.provider.ServicesSetupBuildActionExecuter.execute(Lorg/gradle/internal/invocation/BuildAction;Lorg/gradle/initialization/BuildRequestContext;Lorg/gradle/launcher/exec/BuildActionParameters;Lorg/gradle/internal/service/ServiceRegistry;)Ljava/lang/Object;+86
j  org.gradle.tooling.internal.provider.ServicesSetupBuildActionExecuter.execute(Lorg/gradle/internal/invocation/BuildAction;Lorg/gradle/initialization/BuildRequestContext;Ljava/lang/Object;Lorg/gradle/internal/service/ServiceRegistry;)Ljava/lang/Object;+9
j  org.gradle.tooling.internal.provider.GradleThreadBuildActionExecuter.execute(Lorg/gradle/internal/invocation/BuildAction;Lorg/gradle/initialization/BuildRequestContext;Lorg/gradle/launcher/exec/BuildActionParameters;Lorg/gradle/internal/service/ServiceRegistry;)Ljava/lang/Object;+12
j  org.gradle.tooling.internal.provider.GradleThreadBuildActionExecuter.execute(Lorg/gradle/internal/invocation/BuildAction;Lorg/gradle/initialization/BuildRequestContext;Ljava/lang/Object;Lorg/gradle/internal/service/ServiceRegistry;)Ljava/lang/Object;+9
j  org.gradle.tooling.internal.provider.ParallelismConfigurationBuildActionExecuter.execute(Lorg/gradle/internal/invocation/BuildAction;Lorg/gradle/initialization/BuildRequestContext;Lorg/gradle/launcher/exec/BuildActionParameters;Lorg/gradle/internal/service/ServiceRegistry;)Ljava/lang/Object;+43
j  org.gradle.tooling.internal.provider.ParallelismConfigurationBuildActionExecuter.execute(Lorg/gradle/internal/invocation/BuildAction;Lorg/gradle/initialization/BuildRequestContext;Ljava/lang/Object;Lorg/gradle/internal/service/ServiceRegistry;)Ljava/lang/Object;+9
j  org.gradle.tooling.internal.provider.StartParamsValidatingActionExecuter.execute(Lorg/gradle/internal/invocation/BuildAction;Lorg/gradle/initialization/BuildRequestContext;Lorg/gradle/launcher/exec/BuildActionParameters;Lorg/gradle/internal/service/ServiceRegistry;)Ljava/lang/Object;+257
j  org.gradle.tooling.internal.provider.StartParamsValidatingActionExecuter.execute(Lorg/gradle/internal/invocation/BuildAction;Lorg/gradle/initialization/BuildRequestContext;Ljava/lang/Object;Lorg/gradle/internal/service/ServiceRegistry;)Ljava/lang/Object;+9
j  org.gradle.tooling.internal.provider.SessionFailureReportingActionExecuter.execute(Lorg/gradle/internal/invocation/BuildAction;Lorg/gradle/initialization/BuildRequestContext;Lorg/gradle/launcher/exec/BuildActionParameters;Lorg/gradle/internal/service/ServiceRegistry;)Ljava/lang/Object;+9
j  org.gradle.tooling.internal.provider.SessionFailureReportingActionExecuter.execute(Lorg/gradle/internal/invocation/BuildAction;Lorg/gradle/initialization/BuildRequestContext;Ljava/lang/Object;Lorg/gradle/internal/service/ServiceRegistry;)Ljava/lang/Object;+9
j  org.gradle.tooling.internal.provider.SetupLoggingActionExecuter.execute(Lorg/gradle/internal/invocation/BuildAction;Lorg/gradle/initialization/BuildRequestContext;Lorg/gradle/launcher/exec/BuildActionParameters;Lorg/gradle/internal/service/ServiceRegistry;)Ljava/lang/Object;+42
j  org.gradle.tooling.internal.provider.SetupLoggingActionExecuter.execute(Lorg/gradle/internal/invocation/BuildAction;Lorg/gradle/initialization/BuildRequestContext;Ljava/lang/Object;Lorg/gradle/internal/service/ServiceRegistry;)Ljava/lang/Object;+9
j  org.gradle.launcher.daemon.server.exec.ExecuteBuild.doBuild(Lorg/gradle/launcher/daemon/server/api/DaemonCommandExecution;Lorg/gradle/launcher/daemon/protocol/Build;)V+114
j  org.gradle.launcher.daemon.server.exec.BuildCommandOnly.execute(Lorg/gradle/launcher/daemon/server/api/DaemonCommandExecution;)V+49
j  org.gradle.launcher.daemon.server.api.DaemonCommandExecution.proceed()Z+28
j  org.gradle.launcher.daemon.server.exec.WatchForDisconnection.execute(Lorg/gradle/launcher/daemon/server/api/DaemonCommandExecution;)V+19
j  org.gradle.launcher.daemon.server.api.DaemonCommandExecution.proceed()Z+28
j  org.gradle.launcher.daemon.server.exec.ResetDeprecationLogger.execute(Lorg/gradle/launcher/daemon/server/api/DaemonCommandExecution;)V+4
j  org.gradle.launcher.daemon.server.api.DaemonCommandExecution.proceed()Z+28
j  org.gradle.launcher.daemon.server.exec.RequestStopIfSingleUsedDaemon.execute(Lorg/gradle/launcher/daemon/server/api/DaemonCommandExecution;)V+33
j  org.gradle.launcher.daemon.server.api.DaemonCommandExecution.proceed()Z+28
j  org.gradle.launcher.daemon.server.exec.ForwardClientInput$2.call()Ljava/lang/Void;+4
j  org.gradle.launcher.daemon.server.exec.ForwardClientInput$2.call()Ljava/lang/Object;+1
j  org.gradle.util.Swapper.swap(Ljava/lang/Object;Ljava/util/concurrent/Callable;)Ljava/lang/Object;+21
j  org.gradle.launcher.daemon.server.exec.ForwardClientInput.execute(Lorg/gradle/launcher/daemon/server/api/DaemonCommandExecution;)V+63
j  org.gradle.launcher.daemon.server.api.DaemonCommandExecution.proceed()Z+28
j  org.gradle.launcher.daemon.server.exec.LogAndCheckHealth.execute(Lorg/gradle/launcher/daemon/server/api/DaemonCommandExecution;)V+28
j  org.gradle.launcher.daemon.server.api.DaemonCommandExecution.proceed()Z+28
j  org.gradle.launcher.daemon.server.exec.LogToClient.doBuild(Lorg/gradle/launcher/daemon/server/api/DaemonCommandExecution;Lorg/gradle/launcher/daemon/protocol/Build;)V+87
j  org.gradle.launcher.daemon.server.exec.BuildCommandOnly.execute(Lorg/gradle/launcher/daemon/server/api/DaemonCommandExecution;)V+49
j  org.gradle.launcher.daemon.server.api.DaemonCommandExecution.proceed()Z+28
j  org.gradle.launcher.daemon.server.exec.EstablishBuildEnvironment.doBuild(Lorg/gradle/launcher/daemon/server/api/DaemonCommandExecution;Lorg/gradle/launcher/daemon/protocol/Build;)V+365
j  org.gradle.launcher.daemon.server.exec.BuildCommandOnly.execute(Lorg/gradle/launcher/daemon/server/api/DaemonCommandExecution;)V+49
j  org.gradle.launcher.daemon.server.api.DaemonCommandExecution.proceed()Z+28
j  org.gradle.launcher.daemon.server.exec.StartBuildOrRespondWithBusy$1.run()V+44
j  org.gradle.launcher.daemon.server.DaemonStateCoordinator$1.run()V+4
j  org.gradle.internal.concurrent.ExecutorPolicy$CatchAndRecordFailures.onExecute(Ljava/lang/Runnable;)V+1
j  org.gradle.internal.concurrent.ManagedExecutorImpl$1.run()V+25
j  java.util.concurrent.ThreadPoolExecutor.runWorker(Ljava/util/concurrent/ThreadPoolExecutor$Worker;)V+95
j  java.util.concurrent.ThreadPoolExecutor$Worker.run()V+5
j  org.gradle.internal.concurrent.ThreadFactoryImpl$ManagedThreadRunnable.run()V+7
j  java.lang.Thread.run()V+11
v  ~StubRoutines::call_stub

---------------  P R O C E S S  ---------------

Java Threads: ( => current thread )
  0x000000001a9f5800 JavaThread "Cache worker for file hash cache (D:\DOGFRIENDS\Android\.gradle\4.6\fileHashes)" [_thread_blocked, id=13800, stack(0x000000001b820000,0x000000001b920000)]
  0x0000000019085800 JavaThread "File lock request listener" [_thread_in_native, id=7572, stack(0x000000001a750000,0x000000001a850000)]
  0x00000000190e8000 JavaThread "Cache worker for file hash cache (C:\Users\gsa23\.gradle\caches\4.6\fileHashes)" [_thread_blocked, id=9344, stack(0x000000001a650000,0x000000001a750000)]
  0x0000000018f01000 JavaThread "Stdin handler" [_thread_blocked, id=16604, stack(0x000000001a350000,0x000000001a450000)]
  0x0000000018f00000 JavaThread "Asynchronous log dispatcher for DefaultDaemonConnection: socket connection from /127.0.0.1:10526 to /127.0.0.1:10527" [_thread_blocked, id=9488, stack(0x000000001a250000,0x000000001a350000)]
=>0x0000000018f3a000 JavaThread "Daemon worker" [_thread_in_vm, id=13224, stack(0x000000001a150000,0x000000001a250000)]
  0x0000000018f40800 JavaThread "Cancel handler" [_thread_blocked, id=3748, stack(0x000000001a050000,0x000000001a150000)]
  0x0000000019037800 JavaThread "Handler for socket connection from /127.0.0.1:10526 to /127.0.0.1:10527" [_thread_in_native, id=2928, stack(0x0000000019d50000,0x0000000019e50000)]
  0x0000000019036800 JavaThread "Daemon" [_thread_blocked, id=18484, stack(0x0000000019c50000,0x0000000019d50000)]
  0x0000000018dc4000 JavaThread "Daemon periodic checks" [_thread_blocked, id=18488, stack(0x0000000019b50000,0x0000000019c50000)]
  0x0000000018da9000 JavaThread "Incoming local TCP Connector on port 10526" [_thread_in_native, id=14676, stack(0x0000000019980000,0x0000000019a80000)]
  0x0000000017512000 JavaThread "Service Thread" daemon [_thread_blocked, id=15664, stack(0x0000000017db0000,0x0000000017eb0000)]
  0x000000001750e800 JavaThread "C1 CompilerThread2" daemon [_thread_blocked, id=828, stack(0x0000000017cb0000,0x0000000017db0000)]
  0x0000000017503800 JavaThread "C2 CompilerThread1" daemon [_thread_in_native, id=3824, stack(0x0000000017bb0000,0x0000000017cb0000)]
  0x0000000016118000 JavaThread "C2 CompilerThread0" daemon [_thread_in_native, id=13540, stack(0x0000000017ab0000,0x0000000017bb0000)]
  0x00000000160cd800 JavaThread "Attach Listener" daemon [_thread_blocked, id=19424, stack(0x00000000179b0000,0x0000000017ab0000)]
  0x00000000174b8800 JavaThread "Signal Dispatcher" daemon [_thread_blocked, id=11436, stack(0x00000000178b0000,0x00000000179b0000)]
  0x00000000160ae000 JavaThread "Finalizer" daemon [_thread_blocked, id=18952, stack(0x0000000017320000,0x0000000017420000)]
  0x0000000002742800 JavaThread "Reference Handler" daemon [_thread_blocked, id=14400, stack(0x0000000017220000,0x0000000017320000)]
  0x000000000254e000 JavaThread "main" [_thread_blocked, id=520, stack(0x0000000002550000,0x0000000002650000)]

Other Threads:
  0x0000000016085000 VMThread [stack: 0x0000000017120000,0x0000000017220000] [id=21836]
  0x0000000017512800 WatcherThread [stack: 0x0000000017eb0000,0x0000000017fb0000] [id=22376]

VM state:not at safepoint (normal execution)

VM Mutex/Monitor currently owned by a thread: None

Heap:
 PSYoungGen      total 56832K, used 51100K [0x00000000e0000000, 0x00000000e3f00000, 0x0000000100000000)
  eden space 49152K, 88% used [0x00000000e0000000,0x00000000e2a67d30,0x00000000e3000000)
  from space 7680K, 99% used [0x00000000e3780000,0x00000000e3eff5f8,0x00000000e3f00000)
  to   space 7680K, 0% used [0x00000000e3000000,0x00000000e3000000,0x00000000e3780000)
 ParOldGen       total 130048K, used 783K [0x00000000a0000000, 0x00000000a7f00000, 0x00000000e0000000)
  object space 130048K, 0% used [0x00000000a0000000,0x00000000a00c3e40,0x00000000a7f00000)
 Metaspace       used 18176K, capacity 18556K, committed 18944K, reserved 1064960K
  class space    used 2606K, capacity 2702K, committed 2816K, reserved 1048576K

Card table byte_map: [0x0000000011b10000,0x0000000011e20000] byte_map_base: 0x0000000011610000

Marking Bits: (ParMarkBitMap*) 0x000000005d885aa0
 Begin Bits: [0x0000000012420000, 0x0000000013c20000)
 End Bits:   [0x0000000013c20000, 0x0000000015420000)

Polling page: 0x0000000000730000

CodeCache: size=245760Kb used=5457Kb max_used=5457Kb free=240302Kb
 bounds [0x0000000002750000, 0x0000000002cb0000, 0x0000000011750000]
 total_blobs=1999 nmethods=1619 adapters=293
 compilation: enabled

Compilation events (10 events):
Event: 4.406 Thread 0x000000001750e800 1623       3       java.util.concurrent.ConcurrentLinkedQueue::checkNotNull (13 bytes)
Event: 4.406 Thread 0x000000001750e800 nmethod 1623 0x0000000002ca3fd0 code [0x0000000002ca4140, 0x0000000002ca4368]
Event: 4.408 Thread 0x000000001750e800 1625       3       java.lang.Class::copyMethods (36 bytes)
Event: 4.409 Thread 0x000000001750e800 nmethod 1625 0x0000000002ca4450 code [0x0000000002ca4640, 0x0000000002ca5038]
Event: 4.409 Thread 0x000000001750e800 1626       3       org.codehaus.groovy.util.LockableObject::tryRelease (45 bytes)
Event: 4.409 Thread 0x000000001750e800 nmethod 1626 0x0000000002ca5550 code [0x0000000002ca56c0, 0x0000000002ca5b08]
Event: 4.409 Thread 0x000000001750e800 1627       3       org.codehaus.groovy.reflection.CachedClass::getInterfaces (11 bytes)
Event: 4.410 Thread 0x000000001750e800 nmethod 1627 0x0000000002ca5c10 code [0x0000000002ca5d80, 0x0000000002ca6088]
Event: 4.410 Thread 0x000000001750e800 1628       3       org.codehaus.groovy.util.ReferenceType$1::createReference (11 bytes)
Event: 4.410 Thread 0x000000001750e800 nmethod 1628 0x0000000002ca6150 code [0x0000000002ca62e0, 0x0000000002ca66d0]

GC Heap History (4 events):
Event: 1.849 GC heap before
{Heap before GC invocations=1 (full 0):
 PSYoungGen      total 56832K, used 49152K [0x00000000e0000000, 0x00000000e3f00000, 0x0000000100000000)
  eden space 49152K, 100% used [0x00000000e0000000,0x00000000e3000000,0x00000000e3000000)
  from space 7680K, 0% used [0x00000000e3780000,0x00000000e3780000,0x00000000e3f00000)
  to   space 7680K, 0% used [0x00000000e3000000,0x00000000e3000000,0x00000000e3780000)
 ParOldGen       total 130048K, used 0K [0x00000000a0000000, 0x00000000a7f00000, 0x00000000e0000000)
  object space 130048K, 0% used [0x00000000a0000000,0x00000000a0000000,0x00000000a7f00000)
 Metaspace       used 7268K, capacity 7444K, committed 7680K, reserved 1056768K
  class space    used 894K, capacity 952K, committed 1024K, reserved 1048576K
Event: 1.856 GC heap after
Heap after GC invocations=1 (full 0):
 PSYoungGen      total 56832K, used 5720K [0x00000000e0000000, 0x00000000e3f00000, 0x0000000100000000)
  eden space 49152K, 0% used [0x00000000e0000000,0x00000000e0000000,0x00000000e3000000)
  from space 7680K, 74% used [0x00000000e3000000,0x00000000e35960b8,0x00000000e3780000)
  to   space 7680K, 0% used [0x00000000e3780000,0x00000000e3780000,0x00000000e3f00000)
 ParOldGen       total 130048K, used 16K [0x00000000a0000000, 0x00000000a7f00000, 0x00000000e0000000)
  object space 130048K, 0% used [0x00000000a0000000,0x00000000a0004000,0x00000000a7f00000)
 Metaspace       used 7268K, capacity 7444K, committed 7680K, reserved 1056768K
  class space    used 894K, capacity 952K, committed 1024K, reserved 1048576K
}
Event: 3.599 GC heap before
{Heap before GC invocations=2 (full 0):
 PSYoungGen      total 56832K, used 54872K [0x00000000e0000000, 0x00000000e3f00000, 0x0000000100000000)
  eden space 49152K, 100% used [0x00000000e0000000,0x00000000e3000000,0x00000000e3000000)
  from space 7680K, 74% used [0x00000000e3000000,0x00000000e35960b8,0x00000000e3780000)
  to   space 7680K, 0% used [0x00000000e3780000,0x00000000e3780000,0x00000000e3f00000)
 ParOldGen       total 130048K, used 16K [0x00000000a0000000, 0x00000000a7f00000, 0x00000000e0000000)
  object space 130048K, 0% used [0x00000000a0000000,0x00000000a0004000,0x00000000a7f00000)
 Metaspace       used 13949K, capacity 14302K, committed 14464K, reserved 1060864K
  class space    used 1940K, capacity 2057K, committed 2176K, reserved 1048576K
Event: 3.609 GC heap after
Heap after GC invocations=2 (full 0):
 PSYoungGen      total 56832K, used 7677K [0x00000000e0000000, 0x00000000e3f00000, 0x0000000100000000)
  eden space 49152K, 0% used [0x00000000e0000000,0x00000000e0000000,0x00000000e3000000)
  from space 7680K, 99% used [0x00000000e3780000,0x00000000e3eff5f8,0x00000000e3f00000)
  to   space 7680K, 0% used [0x00000000e3000000,0x00000000e3000000,0x00000000e3780000)
 ParOldGen       total 130048K, used 783K [0x00000000a0000000, 0x00000000a7f00000, 0x00000000e0000000)
  object space 130048K, 0% used [0x00000000a0000000,0x00000000a00c3e40,0x00000000a7f00000)
 Metaspace       used 13949K, capacity 14302K, committed 14464K, reserved 1060864K
  class space    used 1940K, capacity 2057K, committed 2176K, reserved 1048576K
}

Deoptimization events (10 events):
Event: 3.307 Thread 0x0000000018f3a000 Uncommon trap: reason=unstable_if action=reinterpret pc=0x0000000002b47dac method=sun.nio.cs.ext.DoubleByte$Encoder.encodeArrayLoop(Ljava/nio/CharBuffer;Ljava/nio/ByteBuffer;)Ljava/nio/charset/CoderResult; @ 218
Event: 3.317 Thread 0x0000000018f3a000 Uncommon trap: reason=bimorphic action=maybe_recompile pc=0x0000000002a93058 method=java.util.HashMap.putVal(ILjava/lang/Object;Ljava/lang/Object;ZZ)Ljava/lang/Object; @ 253
Event: 3.317 Thread 0x0000000018f3a000 Uncommon trap: reason=bimorphic action=maybe_recompile pc=0x0000000002a93058 method=java.util.HashMap.putVal(ILjava/lang/Object;Ljava/lang/Object;ZZ)Ljava/lang/Object; @ 253
Event: 3.318 Thread 0x0000000018f3a000 Uncommon trap: reason=bimorphic action=maybe_recompile pc=0x0000000002a93058 method=java.util.HashMap.putVal(ILjava/lang/Object;Ljava/lang/Object;ZZ)Ljava/lang/Object; @ 253
Event: 3.542 Thread 0x0000000018f3a000 Uncommon trap: reason=class_check action=maybe_recompile pc=0x00000000029e7804 method=java.util.regex.Matcher.match(II)Z @ 86
Event: 3.542 Thread 0x0000000018f3a000 Uncommon trap: reason=class_check action=maybe_recompile pc=0x00000000029e7804 method=java.util.regex.Matcher.match(II)Z @ 86
Event: 3.611 Thread 0x0000000018f3a000 Uncommon trap: reason=class_check action=maybe_recompile pc=0x00000000029bfd1c method=java.util.regex.Matcher.match(II)Z @ 86
Event: 4.052 Thread 0x0000000018f3a000 Uncommon trap: reason=unstable_if action=reinterpret pc=0x00000000028ac188 method=java.net.URI.match(CJJ)Z @ 19
Event: 4.052 Thread 0x0000000018f3a000 Uncommon trap: reason=unstable_if action=reinterpret pc=0x00000000029728c0 method=java.net.URI.match(CJJ)Z @ 19
Event: 4.111 Thread 0x0000000018f3a000 Uncommon trap: reason=unstable_if action=reinterpret pc=0x00000000029e2318 method=java.io.File.getName()Ljava/lang/String; @ 16

Classes redefined (0 events):
No events

Internal exceptions (10 events):
Event: 3.301 Thread 0x0000000018f3a000 Exception <a 'java/lang/NoSuchMethodError': <clinit>> (0x00000000e16bd5c8) thrown at [D:\src\AOSP-openjdk-cygwin\jdk8u\hotspot\src\share\vm\prims\jni.cpp, line 1613]
Event: 3.302 Thread 0x0000000018f3a000 Exception <a 'java/lang/NoSuchMethodError': <clinit>> (0x00000000e16c5a20) thrown at [D:\src\AOSP-openjdk-cygwin\jdk8u\hotspot\src\share\vm\prims\jni.cpp, line 1613]
Event: 4.130 Thread 0x0000000018f3a000 Exception <a 'java/lang/NoSuchMethodError': <clinit>> (0x00000000e1d5f680) thrown at [D:\src\AOSP-openjdk-cygwin\jdk8u\hotspot\src\share\vm\prims\jni.cpp, line 1613]
Event: 4.130 Thread 0x0000000018f3a000 Exception <a 'java/lang/NoSuchMethodError': <clinit>> (0x00000000e1d62020) thrown at [D:\src\AOSP-openjdk-cygwin\jdk8u\hotspot\src\share\vm\prims\jni.cpp, line 1613]
Event: 4.131 Thread 0x0000000018f3a000 Exception <a 'java/lang/NoSuchMethodError': <clinit>> (0x00000000e1d6f610) thrown at [D:\src\AOSP-openjdk-cygwin\jdk8u\hotspot\src\share\vm\prims\jni.cpp, line 1613]
Event: 4.132 Thread 0x0000000018f3a000 Exception <a 'java/lang/NoSuchMethodError': <clinit>> (0x00000000e1d7ad90) thrown at [D:\src\AOSP-openjdk-cygwin\jdk8u\hotspot\src\share\vm\prims\jni.cpp, line 1613]
Event: 4.412 Thread 0x0000000018f3a000 Exception <a 'java/lang/OutOfMemoryError'> (0x00000000e29ab9a8) thrown at [D:\src\AOSP-openjdk-cygwin\jdk8u\hotspot\src\share\vm\prims\jni.cpp, line 735]
Event: 4.412 Thread 0x0000000018f3a000 Exception <a 'java/lang/OutOfMemoryError'> (0x00000000e29ab9a8) thrown at [D:\src\AOSP-openjdk-cygwin\jdk8u\hotspot\src\share\vm\prims\jvm.cpp, line 1394]
Event: 4.412 Thread 0x0000000018f3a000 Exception <a 'java/lang/OutOfMemoryError'> (0x00000000e29ab9a8) thrown at [D:\src\AOSP-openjdk-cygwin\jdk8u\hotspot\src\share\vm\oops\instanceKlass.cpp, line 959]
Event: 4.412 Thread 0x0000000018f3a000 Exception <a 'java/lang/OutOfMemoryError'> (0x00000000e29ab9a8) thrown at [D:\src\AOSP-openjdk-cygwin\jdk8u\hotspot\src\share\vm\oops\instanceKlass.cpp, line 959]

Events (10 events):
Event: 4.414 loading class org/gradle/tooling/internal/provider/events/DefaultFailure
Event: 4.414 loading class org/gradle/tooling/internal/provider/events/DefaultFailure done
Event: 4.414 loading class org/gradle/tooling/internal/protocol/InternalFailure
Event: 4.414 loading class org/gradle/tooling/internal/protocol/InternalFailure done
Event: 4.415 loading class java/lang/Throwable$WrappedPrintWriter
Event: 4.415 loading class java/lang/Throwable$PrintStreamOrWriter
Event: 4.415 loading class java/lang/Throwable$PrintStreamOrWriter done
Event: 4.415 loading class java/lang/Throwable$WrappedPrintWriter done
Event: 4.415 loading class java/util/IdentityHashMap$KeySet
Event: 4.415 loading class java/util/IdentityHashMap$KeySet done


Dynamic libraries:
0x00007ff71f5b0000 - 0x00007ff71f5e1000 	C:\Program Files\Android\Android Studio\jre\bin\java.exe
0x00007ffa5be10000 - 0x00007ffa5bff1000 	C:\WINDOWS\SYSTEM32\ntdll.dll
0x00007ffa53810000 - 0x00007ffa53844000 	C:\Program Files\AVAST Software\Avast\x64\aswhooka.dll
0x00007ffa5b760000 - 0x00007ffa5b812000 	C:\WINDOWS\System32\KERNEL32.DLL
0x00007ffa58b40000 - 0x00007ffa58db3000 	C:\WINDOWS\System32\KERNELBASE.dll
0x00007ffa5b820000 - 0x00007ffa5b8c1000 	C:\WINDOWS\System32\ADVAPI32.dll
0x00007ffa5b110000 - 0x00007ffa5b1ae000 	C:\WINDOWS\System32\msvcrt.dll
0x00007ffa5aa70000 - 0x00007ffa5aacb000 	C:\WINDOWS\System32\sechost.dll
0x00007ffa5bcb0000 - 0x00007ffa5bdd4000 	C:\WINDOWS\System32\RPCRT4.dll
0x00007ffa592d0000 - 0x00007ffa59460000 	C:\WINDOWS\System32\USER32.dll
0x00007ffa58e70000 - 0x00007ffa58e90000 	C:\WINDOWS\System32\win32u.dll
0x00007ffa5bc70000 - 0x00007ffa5bc98000 	C:\WINDOWS\System32\GDI32.dll
0x00007ffa58f10000 - 0x00007ffa590a2000 	C:\WINDOWS\System32\gdi32full.dll
0x00007ffa588f0000 - 0x00007ffa5898f000 	C:\WINDOWS\System32\msvcp_win.dll
0x00007ffa58990000 - 0x00007ffa58a8a000 	C:\WINDOWS\System32\ucrtbase.dll
0x00007ffa47f50000 - 0x00007ffa481b9000 	C:\WINDOWS\WinSxS\amd64_microsoft.windows.common-controls_6595b64144ccf1df_6.0.17134.285_none_fb4297e330656775\COMCTL32.dll
0x00007ffa5ade0000 - 0x00007ffa5b103000 	C:\WINDOWS\System32\combase.dll
0x00007ffa58e90000 - 0x00007ffa58f0a000 	C:\WINDOWS\System32\bcryptPrimitives.dll
0x00007ffa592a0000 - 0x00007ffa592cd000 	C:\WINDOWS\System32\IMM32.DLL
0x000000005e0c0000 - 0x000000005e192000 	C:\Program Files\Android\Android Studio\jre\jre\bin\msvcr100.dll
0x000000005d0c0000 - 0x000000005d901000 	C:\Program Files\Android\Android Studio\jre\jre\bin\server\jvm.dll
0x00007ffa5b9e0000 - 0x00007ffa5b9e8000 	C:\WINDOWS\System32\PSAPI.DLL
0x00007ffa56d60000 - 0x00007ffa56d69000 	C:\WINDOWS\SYSTEM32\WSOCK32.dll
0x00007ffa5aaf0000 - 0x00007ffa5ab5c000 	C:\WINDOWS\System32\WS2_32.dll
0x00007ffa50b90000 - 0x00007ffa50bb3000 	C:\WINDOWS\SYSTEM32\WINMM.dll
0x00007ffa50b50000 - 0x00007ffa50b5a000 	C:\WINDOWS\SYSTEM32\VERSION.dll
0x00007ffa50980000 - 0x00007ffa509aa000 	C:\WINDOWS\SYSTEM32\WINMMBASE.dll
0x00007ffa58dc0000 - 0x00007ffa58e09000 	C:\WINDOWS\System32\cfgmgr32.dll
0x00007ffa534a0000 - 0x00007ffa534af000 	C:\Program Files\Android\Android Studio\jre\jre\bin\verify.dll
0x00007ffa4f550000 - 0x00007ffa4f579000 	C:\Program Files\Android\Android Studio\jre\jre\bin\java.dll
0x00007ffa53480000 - 0x00007ffa53496000 	C:\Program Files\Android\Android Studio\jre\jre\bin\zip.dll
0x00007ffa59460000 - 0x00007ffa5a8a0000 	C:\WINDOWS\System32\SHELL32.dll
0x00007ffa5b8d0000 - 0x00007ffa5b979000 	C:\WINDOWS\System32\shcore.dll
0x00007ffa581e0000 - 0x00007ffa588ed000 	C:\WINDOWS\System32\windows.storage.dll
0x00007ffa5b980000 - 0x00007ffa5b9d1000 	C:\WINDOWS\System32\shlwapi.dll
0x00007ffa581a0000 - 0x00007ffa581b1000 	C:\WINDOWS\System32\kernel.appcore.dll
0x00007ffa58180000 - 0x00007ffa5819f000 	C:\WINDOWS\System32\profapi.dll
0x00007ffa58130000 - 0x00007ffa5817c000 	C:\WINDOWS\System32\powrprof.dll
0x00007ffa58120000 - 0x00007ffa5812a000 	C:\WINDOWS\System32\FLTLIB.DLL
0x00007ffa53400000 - 0x00007ffa5341a000 	C:\Program Files\Android\Android Studio\jre\jre\bin\net.dll
0x00007ffa579a0000 - 0x00007ffa57a06000 	C:\WINDOWS\system32\mswsock.dll
0x00007ffa526e0000 - 0x00007ffa526f1000 	C:\Program Files\Android\Android Studio\jre\jre\bin\nio.dll
0x00007ffa4f500000 - 0x00007ffa4f51e000 	C:\Users\gsa23\.gradle\native\25\windows-amd64\native-platform.dll
0x00007ffa526a0000 - 0x00007ffa526ad000 	C:\Program Files\Android\Android Studio\jre\jre\bin\management.dll
0x00007ffa57b50000 - 0x00007ffa57b67000 	C:\WINDOWS\SYSTEM32\CRYPTSP.dll
0x00007ffa57580000 - 0x00007ffa575b3000 	C:\WINDOWS\system32\rsaenh.dll
0x00007ffa57c80000 - 0x00007ffa57ca5000 	C:\WINDOWS\SYSTEM32\bcrypt.dll
0x00007ffa58050000 - 0x00007ffa58078000 	C:\WINDOWS\SYSTEM32\USERENV.dll
0x00007ffa57b70000 - 0x00007ffa57b7b000 	C:\WINDOWS\SYSTEM32\CRYPTBASE.dll
0x00007ffa57720000 - 0x00007ffa57758000 	C:\WINDOWS\SYSTEM32\IPHLPAPI.DLL
0x00007ffa5bca0000 - 0x00007ffa5bca8000 	C:\WINDOWS\System32\NSI.dll
0x00007ffa50cc0000 - 0x00007ffa50cd6000 	C:\WINDOWS\SYSTEM32\dhcpcsvc6.DLL
0x00007ffa50c40000 - 0x00007ffa50c5a000 	C:\WINDOWS\SYSTEM32\dhcpcsvc.DLL

VM Arguments:
jvm_args: -Xmx1536m -Dfile.encoding=x-windows-949 -Duser.country=KR -Duser.language=ko -Duser.variant 
java_command: org.gradle.launcher.daemon.bootstrap.GradleDaemon 4.6
java_class_path (initial): C:\Users\gsa23\.gradle\wrapper\dists\gradle-4.6-all\bcst21l2brirad8k2ben1letg\gradle-4.6\lib\gradle-launcher-4.6.jar
Launcher Type: SUN_STANDARD

Environment Variables:
JAVA_HOME=C:\Program Files\Java\jdk1.8.0_181
CLASSPATH=C:\Program Files\Java\jdk1.8.0_181lib
PATH=C:\Program Files (x86)\Common Files\Oracle\Java\javapath;C:\oraclexe\app\oracle\product\11.2.0\server\bin;C:\Program Files\Java\jdk1.8.0_181\bin;C:\ProgramData\Oracle\Java\javapath;C:\WINDOWS\system32;C:\WINDOWS;C:\WINDOWS\System32\Wbem;C:\WINDOWS\System32\WindowsPowerShell\v1.0\;C:\Program Files (x86)\NVIDIA Corporation\PhysX\Common;C:\WINDOWS\system32;C:\WINDOWS;C:\WINDOWS\System32\Wbem;C:\WINDOWS\System32\WindowsPowerShell\v1.0\;C:\WINDOWS\System32\OpenSSH\;C:\Program Files\PuTTY\;C:\Users\gsa23\AppData\Local\Microsoft\WindowsApps;C:\Users\gsa23\AppData\Local\Programs\Microsoft VS Code\bin
USERNAME=°í±´
OS=Windows_NT
PROCESSOR_IDENTIFIER=Intel64 Family 6 Model 78 Stepping 3, GenuineIntel



---------------  S Y S T E M  ---------------

OS: Windows 10.0 , 64 bit Build 17134 (10.0.17134.1)

CPU:total 4 (initial active 4) (2 cores per cpu, 2 threads per core) family 6 model 78 stepping 3, cmov, cx8, fxsr, mmx, sse, sse2, sse3, ssse3, sse4.1, sse4.2, popcnt, avx, avx2, aes, clmul, erms, 3dnowpref, lzcnt, ht, tsc, tscinvbit, bmi1, bmi2, adx

Memory: 4k page, physical 12440684k(5151280k free), swap 24882136k(4100k free)

vm_info: OpenJDK 64-Bit Server VM (25.152-b06) for windows-amd64 JRE (1.8.0_152-release-1136-b06), built by "builder" with MS VC++ 10.0 (VS2010)

time: Fri Sep 28 00:16:32 2018
elapsed time: 4 seconds (0d 0h 0m 4s)

