#
# There is insufficient memory for the Java Runtime Environment to continue.
# Native memory allocation (malloc) failed to allocate 141456 bytes for Chunk::new
# Possible reasons:
#   The system is out of physical RAM or swap space
#   In 32 bit mode, the process size limit was hit
# Possible solutions:
#   Reduce memory load on the system
#   Increase physical memory or swap space
#   Check if swap backing store is full
#   Use 64 bit Java on a 64 bit OS
#   Decrease Java heap size (-Xmx/-Xms)
#   Decrease number of Java threads
#   Decrease Java thread stack sizes (-Xss)
#   Set larger code cache with -XX:ReservedCodeCacheSize=
# This output file may be truncated or incomplete.
#
#  Out of Memory Error (allocation.cpp:390), pid=11500, tid=0x00000000000039b8
#
# JRE version: OpenJDK Runtime Environment (8.0_152-b02) (build 1.8.0_152-release-1024-b02)
# Java VM: OpenJDK 64-Bit Server VM (25.152-b02 mixed mode windows-amd64 compressed oops)
# Failed to write core dump. Minidumps are not enabled by default on client versions of Windows
#

---------------  T H R E A D  ---------------

Current thread (0x000000001673c800):  JavaThread "C2 CompilerThread0" daemon [_thread_in_native, id=14776, stack(0x0000000018090000,0x0000000018190000)]

Stack: [0x0000000018090000,0x0000000018190000]
[error occurred during error reporting (printing stack bounds), id 0xc0000005]

Native frames: (J=compiled Java code, j=interpreted, Vv=VM code, C=native code)


Current CompileTask:
C2:  17988 7633 %     4       sun.security.provider.SHA::implCompress @ 12 (491 bytes)


---------------  P R O C E S S  ---------------

Java Threads: ( => current thread )
  0x0000000019ab4000 JavaThread "build operations" [_thread_blocked, id=11884, stack(0x00000000247c0000,0x00000000248c0000)]
  0x0000000019ab3800 JavaThread "Cache worker for Artifact transforms cache (C:\Users\gsa23\.gradle\caches\transforms-1)" [_thread_blocked, id=16340, stack(0x00000000246c0000,0x00000000247c0000)]
  0x0000000019ab2000 JavaThread "Cache worker for file hash cache (D:\DOGFRIENDS\Android\.gradle\4.4\fileHashes)" [_thread_blocked, id=996, stack(0x00000000245c0000,0x00000000246c0000)]
  0x0000000019ab2800 JavaThread "Stdin handler" [_thread_blocked, id=8304, stack(0x00000000244c0000,0x00000000245c0000)]
  0x0000000019aaa800 JavaThread "Asynchronous log dispatcher for DefaultDaemonConnection: socket connection from /127.0.0.1:3440 to /127.0.0.1:3471" [_thread_in_Java, id=5708, stack(0x00000000243c0000,0x00000000244c0000)]
  0x0000000019ab0800 JavaThread "Cancel handler" [_thread_blocked, id=228, stack(0x00000000242c0000,0x00000000243c0000)]
  0x0000000019aab000 JavaThread "Handler for socket connection from /127.0.0.1:3440 to /127.0.0.1:3471" [_thread_in_native, id=21116, stack(0x00000000241c0000,0x00000000242c0000)]
  0x0000000019aa9000 JavaThread "Memory manager" [_thread_blocked, id=16832, stack(0x0000000020ba0000,0x0000000020ca0000)]
  0x0000000019aaf800 JavaThread "pool-1-thread-1" [_thread_blocked, id=21640, stack(0x00000000208a0000,0x00000000209a0000)]
  0x0000000019702800 JavaThread "File lock request listener" [_thread_in_native, id=8892, stack(0x000000001ad30000,0x000000001ae30000)]
  0x000000001966e800 JavaThread "Cache worker for file hash cache (C:\Users\gsa23\.gradle\caches\4.4\fileHashes)" [_thread_blocked, id=7472, stack(0x000000001ac30000,0x000000001ad30000)]
  0x0000000019410000 JavaThread "Daemon worker" [_thread_blocked, id=20956, stack(0x000000001a730000,0x000000001a830000)]
  0x00000000193b3800 JavaThread "Daemon" [_thread_blocked, id=9640, stack(0x000000001a230000,0x000000001a330000)]
  0x0000000019518800 JavaThread "Daemon periodic checks" [_thread_blocked, id=11124, stack(0x000000001a130000,0x000000001a230000)]
  0x00000000194ad000 JavaThread "Incoming local TCP Connector on port 3440" [_thread_in_native, id=18132, stack(0x0000000019f60000,0x000000001a060000)]
  0x0000000017b0d000 JavaThread "Service Thread" daemon [_thread_blocked, id=18100, stack(0x0000000018390000,0x0000000018490000)]
  0x0000000017aa1800 JavaThread "C1 CompilerThread2" daemon [_thread_blocked, id=15624, stack(0x0000000018290000,0x0000000018390000)]
  0x0000000017a9a800 JavaThread "C2 CompilerThread1" daemon [_thread_in_native, id=1852, stack(0x0000000018190000,0x0000000018290000)]
=>0x000000001673c800 JavaThread "C2 CompilerThread0" daemon [_thread_in_native, id=14776, stack(0x0000000018090000,0x0000000018190000)]
  0x0000000016789800 JavaThread "Attach Listener" daemon [_thread_blocked, id=16820, stack(0x0000000017f90000,0x0000000018090000)]
  0x0000000017a98800 JavaThread "Signal Dispatcher" daemon [_thread_blocked, id=15436, stack(0x0000000017e90000,0x0000000017f90000)]
  0x0000000002dbc000 JavaThread "Finalizer" daemon [_thread_blocked, id=532, stack(0x0000000017990000,0x0000000017a90000)]
  0x0000000002db1000 JavaThread "Reference Handler" daemon [_thread_blocked, id=18792, stack(0x0000000017890000,0x0000000017990000)]
  0x0000000000d4e000 JavaThread "main" [_thread_blocked, id=1248, stack(0x0000000002820000,0x0000000002920000)]

Other Threads:
  0x00000000166f4800 VMThread [stack: 0x0000000017790000,0x0000000017890000] [id=2396]
  0x0000000017b1e000 WatcherThread [stack: 0x0000000018490000,0x0000000018590000] [id=8236]

VM state:not at safepoint (normal execution)

VM Mutex/Monitor currently owned by a thread: None

Heap:
 PSYoungGen      total 284160K, used 39376K [0x00000000e0000000, 0x00000000f3100000, 0x0000000100000000)
  eden space 259072K, 15% used [0x00000000e0000000,0x00000000e2674010,0x00000000efd00000)
  from space 25088K, 0% used [0x00000000efd00000,0x00000000efd00000,0x00000000f1580000)
  to   space 17920K, 0% used [0x00000000f1580000,0x00000000f1580000,0x00000000f2700000)
 ParOldGen       total 166912K, used 44892K [0x00000000a0000000, 0x00000000aa300000, 0x00000000e0000000)
  object space 166912K, 26% used [0x00000000a0000000,0x00000000a2bd7278,0x00000000aa300000)
 Metaspace       used 58688K, capacity 60988K, committed 61312K, reserved 1101824K
  class space    used 7943K, capacity 8499K, committed 8576K, reserved 1048576K

Card table byte_map: [0x0000000012180000,0x0000000012490000] byte_map_base: 0x0000000011c80000

Marking Bits: (ParMarkBitMap*) 0x000000005d914970
 Begin Bits: [0x0000000012a90000, 0x0000000014290000)
 End Bits:   [0x0000000014290000, 0x0000000015a90000)

Polling page: 0x0000000000d50000

CodeCache: size=245760Kb used=21932Kb max_used=22616Kb free=223827Kb
 bounds [0x0000000002dc0000, 0x00000000043f0000, 0x0000000011dc0000]
 total_blobs=7563 nmethods=6795 adapters=680
 compilation: enabled

Compilation events (10 events):
Event: 17.971 Thread 0x0000000017aa1800 nmethod 7645 0x0000000003632890 code [0x0000000003632a60, 0x00000000036331d8]
Event: 17.971 Thread 0x0000000017aa1800 7646   !   3       java.io.PrintWriter::write (58 bytes)
Event: 17.971 Thread 0x0000000017aa1800 nmethod 7646 0x00000000034e5790 code [0x00000000034e5940, 0x00000000034e5fe8]
Event: 17.972 Thread 0x0000000017aa1800 7647       3       com.google.common.cache.LocalCache$Segment::setValue (82 bytes)
Event: 17.972 Thread 0x0000000017aa1800 nmethod 7647 0x0000000003631c90 code [0x0000000003631e60, 0x00000000036324a8]
Event: 17.976 Thread 0x0000000017a9a800 7648       4       org.gradle.internal.logging.text.AbstractLineChoppingStyledTextOutput::doAppend (43 bytes)
Event: 17.977 Thread 0x0000000017aa1800 7650       3       java.lang.Long::stringSize (38 bytes)
Event: 17.977 Thread 0x0000000017aa1800 nmethod 7650 0x0000000003aeb350 code [0x0000000003aeb4c0, 0x0000000003aeb710]
Event: 17.977 Thread 0x0000000017aa1800 7651       3       java.lang.Long::getChars (221 bytes)
Event: 17.978 Thread 0x0000000017aa1800 nmethod 7651 0x000000000374b9d0 code [0x000000000374bba0, 0x000000000374c210]

GC Heap History (10 events):
Event: 6.403 GC heap before
{Heap before GC invocations=8 (full 2):
 PSYoungGen      total 182784K, used 12178K [0x00000000e0000000, 0x00000000ec200000, 0x0000000100000000)
  eden space 169984K, 0% used [0x00000000e0000000,0x00000000e0000000,0x00000000ea600000)
  from space 12800K, 95% used [0x00000000eb580000,0x00000000ec164b00,0x00000000ec200000)
  to   space 14336K, 0% used [0x00000000ea600000,0x00000000ea600000,0x00000000eb400000)
 ParOldGen       total 71168K, used 10140K [0x00000000a0000000, 0x00000000a4580000, 0x00000000e0000000)
  object space 71168K, 14% used [0x00000000a0000000,0x00000000a09e72e8,0x00000000a4580000)
 Metaspace       used 34454K, capacity 35294K, committed 35416K, reserved 1079296K
  class space    used 4819K, capacity 5068K, committed 5120K, reserved 1048576K
Event: 6.499 GC heap after
Heap after GC invocations=8 (full 2):
 PSYoungGen      total 182784K, used 0K [0x00000000e0000000, 0x00000000ec200000, 0x0000000100000000)
  eden space 169984K, 0% used [0x00000000e0000000,0x00000000e0000000,0x00000000ea600000)
  from space 12800K, 0% used [0x00000000eb580000,0x00000000eb580000,0x00000000ec200000)
  to   space 14336K, 0% used [0x00000000ea600000,0x00000000ea600000,0x00000000eb400000)
 ParOldGen       total 105984K, used 19356K [0x00000000a0000000, 0x00000000a6780000, 0x00000000e0000000)
  object space 105984K, 18% used [0x00000000a0000000,0x00000000a12e73d0,0x00000000a6780000)
 Metaspace       used 34454K, capacity 35294K, committed 35416K, reserved 1079296K
  class space    used 4819K, capacity 5068K, committed 5120K, reserved 1048576K
}
Event: 8.961 GC heap before
{Heap before GC invocations=9 (full 2):
 PSYoungGen      total 182784K, used 169984K [0x00000000e0000000, 0x00000000ec200000, 0x0000000100000000)
  eden space 169984K, 100% used [0x00000000e0000000,0x00000000ea600000,0x00000000ea600000)
  from space 12800K, 0% used [0x00000000eb580000,0x00000000eb580000,0x00000000ec200000)
  to   space 14336K, 0% used [0x00000000ea600000,0x00000000ea600000,0x00000000eb400000)
 ParOldGen       total 105984K, used 19356K [0x00000000a0000000, 0x00000000a6780000, 0x00000000e0000000)
  object space 105984K, 18% used [0x00000000a0000000,0x00000000a12e73d0,0x00000000a6780000)
 Metaspace       used 47875K, capacity 49184K, committed 49280K, reserved 1091584K
  class space    used 6533K, capacity 6950K, committed 7040K, reserved 1048576K
Event: 8.985 GC heap after
Heap after GC invocations=9 (full 2):
 PSYoungGen      total 184320K, used 14316K [0x00000000e0000000, 0x00000000f2700000, 0x0000000100000000)
  eden space 169984K, 0% used [0x00000000e0000000,0x00000000e0000000,0x00000000ea600000)
  from space 14336K, 99% used [0x00000000ea600000,0x00000000eb3fb2b0,0x00000000eb400000)
  to   space 17920K, 0% used [0x00000000f1580000,0x00000000f1580000,0x00000000f2700000)
 ParOldGen       total 105984K, used 22771K [0x00000000a0000000, 0x00000000a6780000, 0x00000000e0000000)
  object space 105984K, 21% used [0x00000000a0000000,0x00000000a163cfe0,0x00000000a6780000)
 Metaspace       used 47875K, capacity 49184K, committed 49280K, reserved 1091584K
  class space    used 6533K, capacity 6950K, committed 7040K, reserved 1048576K
}
Event: 10.735 GC heap before
{Heap before GC invocations=10 (full 2):
 PSYoungGen      total 184320K, used 184300K [0x00000000e0000000, 0x00000000f2700000, 0x0000000100000000)
  eden space 169984K, 100% used [0x00000000e0000000,0x00000000ea600000,0x00000000ea600000)
  from space 14336K, 99% used [0x00000000ea600000,0x00000000eb3fb2b0,0x00000000eb400000)
  to   space 17920K, 0% used [0x00000000f1580000,0x00000000f1580000,0x00000000f2700000)
 ParOldGen       total 105984K, used 22771K [0x00000000a0000000, 0x00000000a6780000, 0x00000000e0000000)
  object space 105984K, 21% used [0x00000000a0000000,0x00000000a163cfe0,0x00000000a6780000)
 Metaspace       used 53899K, capacity 55678K, committed 55808K, reserved 1097728K
  class space    used 7466K, capacity 7893K, committed 7936K, reserved 1048576K
Event: 10.769 GC heap after
Heap after GC invocations=10 (full 2):
 PSYoungGen      total 276992K, used 17904K [0x00000000e0000000, 0x00000000f3100000, 0x0000000100000000)
  eden space 259072K, 0% used [0x00000000e0000000,0x00000000e0000000,0x00000000efd00000)
  from space 17920K, 99% used [0x00000000f1580000,0x00000000f26fc240,0x00000000f2700000)
  to   space 25088K, 0% used [0x00000000efd00000,0x00000000efd00000,0x00000000f1580000)
 ParOldGen       total 105984K, used 33666K [0x00000000a0000000, 0x00000000a6780000, 0x00000000e0000000)
  object space 105984K, 31% used [0x00000000a0000000,0x00000000a20e0930,0x00000000a6780000)
 Metaspace       used 53899K, capacity 55678K, committed 55808K, reserved 1097728K
  class space    used 7466K, capacity 7893K, committed 7936K, reserved 1048576K
}
Event: 13.500 GC heap before
{Heap before GC invocations=11 (full 2):
 PSYoungGen      total 276992K, used 111002K [0x00000000e0000000, 0x00000000f3100000, 0x0000000100000000)
  eden space 259072K, 35% used [0x00000000e0000000,0x00000000e5aea5c0,0x00000000efd00000)
  from space 17920K, 99% used [0x00000000f1580000,0x00000000f26fc240,0x00000000f2700000)
  to   space 25088K, 0% used [0x00000000efd00000,0x00000000efd00000,0x00000000f1580000)
 ParOldGen       total 105984K, used 33666K [0x00000000a0000000, 0x00000000a6780000, 0x00000000e0000000)
  object space 105984K, 31% used [0x00000000a0000000,0x00000000a20e0930,0x00000000a6780000)
 Metaspace       used 56746K, capacity 58884K, committed 59028K, reserved 1099776K
  class space    used 7799K, capacity 8351K, committed 8448K, reserved 1048576K
Event: 13.528 GC heap after
Heap after GC invocations=11 (full 2):
 PSYoungGen      total 284160K, used 23337K [0x00000000e0000000, 0x00000000f3100000, 0x0000000100000000)
  eden space 259072K, 0% used [0x00000000e0000000,0x00000000e0000000,0x00000000efd00000)
  from space 25088K, 93% used [0x00000000efd00000,0x00000000f13ca630,0x00000000f1580000)
  to   space 17920K, 0% used [0x00000000f1580000,0x00000000f1580000,0x00000000f2700000)
 ParOldGen       total 105984K, used 33674K [0x00000000a0000000, 0x00000000a6780000, 0x00000000e0000000)
  object space 105984K, 31% used [0x00000000a0000000,0x00000000a20e2930,0x00000000a6780000)
 Metaspace       used 56746K, capacity 58884K, committed 59028K, reserved 1099776K
  class space    used 7799K, capacity 8351K, committed 8448K, reserved 1048576K
}
Event: 13.528 GC heap before
{Heap before GC invocations=12 (full 3):
 PSYoungGen      total 284160K, used 23337K [0x00000000e0000000, 0x00000000f3100000, 0x0000000100000000)
  eden space 259072K, 0% used [0x00000000e0000000,0x00000000e0000000,0x00000000efd00000)
  from space 25088K, 93% used [0x00000000efd00000,0x00000000f13ca630,0x00000000f1580000)
  to   space 17920K, 0% used [0x00000000f1580000,0x00000000f1580000,0x00000000f2700000)
 ParOldGen       total 105984K, used 33674K [0x00000000a0000000, 0x00000000a6780000, 0x00000000e0000000)
  object space 105984K, 31% used [0x00000000a0000000,0x00000000a20e2930,0x00000000a6780000)
 Metaspace       used 56746K, capacity 58884K, committed 59028K, reserved 1099776K
  class space    used 7799K, capacity 8351K, committed 8448K, reserved 1048576K
Event: 14.012 GC heap after
Heap after GC invocations=12 (full 3):
 PSYoungGen      total 284160K, used 0K [0x00000000e0000000, 0x00000000f3100000, 0x0000000100000000)
  eden space 259072K, 0% used [0x00000000e0000000,0x00000000e0000000,0x00000000efd00000)
  from space 25088K, 0% used [0x00000000efd00000,0x00000000efd00000,0x00000000f1580000)
  to   space 17920K, 0% used [0x00000000f1580000,0x00000000f1580000,0x00000000f2700000)
 ParOldGen       total 166912K, used 44892K [0x00000000a0000000, 0x00000000aa300000, 0x00000000e0000000)
  object space 166912K, 26% used [0x00000000a0000000,0x00000000a2bd7278,0x00000000aa300000)
 Metaspace       used 56746K, capacity 58884K, committed 59028K, reserved 1099776K
  class space    used 7799K, capacity 8351K, committed 8448K, reserved 1048576K
}

Deoptimization events (10 events):
Event: 17.618 Thread 0x0000000019410000 Uncommon trap: reason=null_check action=make_not_entrant pc=0x0000000004376f08 method=org.gradle.internal.serialize.DefaultSerializerRegistry$TaggedTypeSerializer.map(Ljava/lang/Class;)Lorg/gradle/internal/serialize/DefaultSerializerRegistry$TypeInfo; @ 1
Event: 17.618 Thread 0x0000000019410000 Uncommon trap: reason=unstable_if action=reinterpret pc=0x000000000382fb9c method=java.io.ObjectStreamClass.writeNonProxy(Ljava/io/ObjectOutputStream;)V @ 65
Event: 17.621 Thread 0x0000000019410000 Uncommon trap: reason=bimorphic action=maybe_recompile pc=0x000000000325b1bc method=com.google.common.collect.Sets$3.iterator()Ljava/util/Iterator; @ 4
Event: 17.624 Thread 0x0000000019410000 Uncommon trap: reason=bimorphic action=maybe_recompile pc=0x000000000325b1bc method=com.google.common.collect.Sets$3.iterator()Ljava/util/Iterator; @ 4
Event: 17.672 Thread 0x0000000019410000 Uncommon trap: reason=unstable_if action=reinterpret pc=0x0000000003799bcc method=org.gradle.internal.hash.HashCode.equals(Ljava/lang/Object;)Z @ 2
Event: 17.964 Thread 0x0000000019410000 Uncommon trap: reason=unstable_if action=reinterpret pc=0x0000000003598d48 method=java.io.ObjectOutputStream$BlockDataOutputStream.writeBytes(Ljava/lang/String;)V @ 22
Event: 17.967 Thread 0x0000000019410000 Uncommon trap: reason=unstable_if action=reinterpret pc=0x00000000041cc15c method=java.io.ObjectOutputStream$BlockDataOutputStream.writeBytes(Ljava/lang/String;)V @ 22
Event: 17.968 Thread 0x0000000019410000 Uncommon trap: reason=unstable_if action=reinterpret pc=0x0000000002f4f2fc method=java.io.ObjectOutputStream$BlockDataOutputStream.writeBytes(Ljava/lang/String;)V @ 22
Event: 17.976 Thread 0x0000000019410000 Uncommon trap: reason=class_check action=maybe_recompile pc=0x00000000031b2210 method=org.gradle.internal.logging.text.AbstractLineChoppingStyledTextOutput$StateContext.flushLineText()V @ 110
Event: 17.976 Thread 0x0000000019410000 Uncommon trap: reason=class_check action=maybe_recompile pc=0x00000000031b2210 method=org.gradle.internal.logging.text.AbstractLineChoppingStyledTextOutput$StateContext.flushLineText()V @ 110

Classes redefined (0 events):
No events

Internal exceptions (10 events):
Event: 14.192 Thread 0x00000000193b3800 Exception <a 'java/lang/NoSuchMethodError': <clinit>> (0x00000000e12e2638) thrown at [D:\src\AOSP-openjdk-cygwin\jdk8u\hotspot\src\share\vm\prims\jni.cpp, line 1613]
Event: 14.193 Thread 0x00000000193b3800 Exception <a 'java/lang/NoSuchMethodError': <clinit>> (0x00000000e12f28c8) thrown at [D:\src\AOSP-openjdk-cygwin\jdk8u\hotspot\src\share\vm\prims\jni.cpp, line 1613]
Event: 14.198 Thread 0x00000000193b3800 Exception <a 'java/lang/NoSuchMethodError': <clinit>> (0x00000000e12f8a90) thrown at [D:\src\AOSP-openjdk-cygwin\jdk8u\hotspot\src\share\vm\prims\jni.cpp, line 1613]
Event: 14.210 Thread 0x00000000193b7000 Exception <a 'java/lang/NoSuchMethodError': <clinit>> (0x00000000e14fe348) thrown at [D:\src\AOSP-openjdk-cygwin\jdk8u\hotspot\src\share\vm\prims\jni.cpp, line 1613]
Event: 17.572 Thread 0x0000000019aab000 Exception <a 'java/lang/NoSuchMethodError': <clinit>> (0x00000000e181ce70) thrown at [D:\src\AOSP-openjdk-cygwin\jdk8u\hotspot\src\share\vm\prims\jni.cpp, line 1613]
Event: 17.576 Thread 0x0000000019aab000 Exception <a 'java/lang/NoSuchMethodError': <clinit>> (0x00000000e1837490) thrown at [D:\src\AOSP-openjdk-cygwin\jdk8u\hotspot\src\share\vm\prims\jni.cpp, line 1613]
Event: 17.618 Thread 0x0000000019410000 Implicit null exception at 0x0000000004376d5e to 0x0000000004376ef1
Event: 17.960 Thread 0x0000000019410000 Exception <a 'java/lang/OutOfMemoryError': unable to create new native thread> (0x00000000e203d9e8) thrown at [D:\src\AOSP-openjdk-cygwin\jdk8u\hotspot\src\share\vm\prims\jvm.cpp, line 3033]
Event: 17.963 Thread 0x0000000019410000 Exception <a 'java/lang/NoSuchMethodError': <clinit>> (0x00000000e20aad80) thrown at [D:\src\AOSP-openjdk-cygwin\jdk8u\hotspot\src\share\vm\prims\jni.cpp, line 1613]
Event: 17.964 Thread 0x0000000019410000 Exception <a 'java/lang/NoSuchMethodError': <clinit>> (0x00000000e20b9c00) thrown at [D:\src\AOSP-openjdk-cygwin\jdk8u\hotspot\src\share\vm\prims\jni.cpp, line 1613]

Events (10 events):
Event: 17.975 loading class org/gradle/internal/logging/text/BufferingStyledTextOutput$ChangeStyleAction
Event: 17.975 loading class org/gradle/internal/logging/text/BufferingStyledTextOutput$ChangeStyleAction done
Event: 17.976 Thread 0x0000000019410000 Uncommon trap: trap_request=0xffffffde fr.pc=0x00000000031b2210
Event: 17.976 Thread 0x0000000019410000 DEOPT PACKING pc=0x00000000031b2210 sp=0x000000001a82c680
Event: 17.976 Thread 0x0000000019410000 DEOPT UNPACKING pc=0x0000000002e0557b sp=0x000000001a82c5f8 mode 2
Event: 17.976 Thread 0x0000000019410000 Uncommon trap: trap_request=0xffffffde fr.pc=0x00000000031b2210
Event: 17.976 Thread 0x0000000019410000 DEOPT PACKING pc=0x00000000031b2210 sp=0x000000001a82c550
Event: 17.976 Thread 0x0000000019410000 DEOPT UNPACKING pc=0x0000000002e0557b sp=0x000000001a82c4c8 mode 2
Event: 17.976 loading class org/gradle/internal/buildevents/BuildExceptionReporter$2
Event: 17.976 loading class org/gradle/internal/buildevents/BuildExceptionReporter$2 done


Dynamic libraries:
0x00007ff7c4670000 - 0x00007ff7c46a1000 	C:\Program Files\Android\Android Studio\jre\bin\java.exe
0x00007ffa5be10000 - 0x00007ffa5bff1000 	C:\WINDOWS\SYSTEM32\ntdll.dll
0x00007ffa53810000 - 0x00007ffa53844000 	C:\Program Files\AVAST Software\Avast\x64\aswhooka.dll
0x00007ffa5b760000 - 0x00007ffa5b812000 	C:\WINDOWS\System32\KERNEL32.DLL
0x00007ffa58b40000 - 0x00007ffa58db3000 	C:\WINDOWS\System32\KERNELBASE.dll
0x00007ffa5b820000 - 0x00007ffa5b8c1000 	C:\WINDOWS\System32\ADVAPI32.dll
0x00007ffa5b110000 - 0x00007ffa5b1ae000 	C:\WINDOWS\System32\msvcrt.dll
0x00007ffa5aa70000 - 0x00007ffa5aacb000 	C:\WINDOWS\System32\sechost.dll
0x00007ffa5bcb0000 - 0x00007ffa5bdd4000 	C:\WINDOWS\System32\RPCRT4.dll
0x00007ffa592d0000 - 0x00007ffa59460000 	C:\WINDOWS\System32\USER32.dll
0x00007ffa58e70000 - 0x00007ffa58e90000 	C:\WINDOWS\System32\win32u.dll
0x00007ffa5bc70000 - 0x00007ffa5bc98000 	C:\WINDOWS\System32\GDI32.dll
0x00007ffa58f10000 - 0x00007ffa590a2000 	C:\WINDOWS\System32\gdi32full.dll
0x00007ffa588f0000 - 0x00007ffa5898f000 	C:\WINDOWS\System32\msvcp_win.dll
0x00007ffa58990000 - 0x00007ffa58a8a000 	C:\WINDOWS\System32\ucrtbase.dll
0x00007ffa47f50000 - 0x00007ffa481b9000 	C:\WINDOWS\WinSxS\amd64_microsoft.windows.common-controls_6595b64144ccf1df_6.0.17134.285_none_fb4297e330656775\COMCTL32.dll
0x00007ffa5ade0000 - 0x00007ffa5b103000 	C:\WINDOWS\System32\combase.dll
0x00007ffa58e90000 - 0x00007ffa58f0a000 	C:\WINDOWS\System32\bcryptPrimitives.dll
0x00007ffa592a0000 - 0x00007ffa592cd000 	C:\WINDOWS\System32\IMM32.DLL
0x000000005d070000 - 0x000000005d142000 	C:\Program Files\Android\Android Studio\jre\jre\bin\msvcr100.dll
0x000000005d150000 - 0x000000005d98f000 	C:\Program Files\Android\Android Studio\jre\jre\bin\server\jvm.dll
0x00007ffa5b9e0000 - 0x00007ffa5b9e8000 	C:\WINDOWS\System32\PSAPI.DLL
0x00007ffa56d60000 - 0x00007ffa56d69000 	C:\WINDOWS\SYSTEM32\WSOCK32.dll
0x00007ffa5aaf0000 - 0x00007ffa5ab5c000 	C:\WINDOWS\System32\WS2_32.dll
0x00007ffa50b90000 - 0x00007ffa50bb3000 	C:\WINDOWS\SYSTEM32\WINMM.dll
0x00007ffa50b50000 - 0x00007ffa50b5a000 	C:\WINDOWS\SYSTEM32\VERSION.dll
0x00007ffa50980000 - 0x00007ffa509aa000 	C:\WINDOWS\SYSTEM32\WINMMBASE.dll
0x00007ffa58dc0000 - 0x00007ffa58e09000 	C:\WINDOWS\System32\cfgmgr32.dll
0x00007ffa529d0000 - 0x00007ffa529df000 	C:\Program Files\Android\Android Studio\jre\jre\bin\verify.dll
0x00007ffa52370000 - 0x00007ffa52399000 	C:\Program Files\Android\Android Studio\jre\jre\bin\java.dll
0x00007ffa50430000 - 0x00007ffa50446000 	C:\Program Files\Android\Android Studio\jre\jre\bin\zip.dll
0x00007ffa59460000 - 0x00007ffa5a8a0000 	C:\WINDOWS\System32\SHELL32.dll
0x00007ffa5b8d0000 - 0x00007ffa5b979000 	C:\WINDOWS\System32\shcore.dll
0x00007ffa581e0000 - 0x00007ffa588ed000 	C:\WINDOWS\System32\windows.storage.dll
0x00007ffa5b980000 - 0x00007ffa5b9d1000 	C:\WINDOWS\System32\shlwapi.dll
0x00007ffa581a0000 - 0x00007ffa581b1000 	C:\WINDOWS\System32\kernel.appcore.dll
0x00007ffa58180000 - 0x00007ffa5819f000 	C:\WINDOWS\System32\profapi.dll
0x00007ffa58130000 - 0x00007ffa5817c000 	C:\WINDOWS\System32\powrprof.dll
0x00007ffa58120000 - 0x00007ffa5812a000 	C:\WINDOWS\System32\FLTLIB.DLL
0x00007ffa4f500000 - 0x00007ffa4f51a000 	C:\Program Files\Android\Android Studio\jre\jre\bin\net.dll
0x00007ffa579a0000 - 0x00007ffa57a06000 	C:\WINDOWS\system32\mswsock.dll
0x00007ffa4eec0000 - 0x00007ffa4eed1000 	C:\Program Files\Android\Android Studio\jre\jre\bin\nio.dll
0x00007ffa53400000 - 0x00007ffa5341e000 	C:\Users\gsa23\.gradle\native\25\windows-amd64\native-platform.dll
0x00007ffa529c0000 - 0x00007ffa529cd000 	C:\Program Files\Android\Android Studio\jre\jre\bin\management.dll
0x00007ffa57b50000 - 0x00007ffa57b67000 	C:\WINDOWS\SYSTEM32\CRYPTSP.dll
0x00007ffa57580000 - 0x00007ffa575b3000 	C:\WINDOWS\system32\rsaenh.dll
0x00007ffa57c80000 - 0x00007ffa57ca5000 	C:\WINDOWS\SYSTEM32\bcrypt.dll
0x00007ffa58050000 - 0x00007ffa58078000 	C:\WINDOWS\SYSTEM32\USERENV.dll
0x00007ffa57b70000 - 0x00007ffa57b7b000 	C:\WINDOWS\SYSTEM32\CRYPTBASE.dll
0x00007ffa57720000 - 0x00007ffa57758000 	C:\WINDOWS\SYSTEM32\IPHLPAPI.DLL
0x00007ffa5bca0000 - 0x00007ffa5bca8000 	C:\WINDOWS\System32\NSI.dll
0x00007ffa50cc0000 - 0x00007ffa50cd6000 	C:\WINDOWS\SYSTEM32\dhcpcsvc6.DLL
0x00007ffa50c40000 - 0x00007ffa50c5a000 	C:\WINDOWS\SYSTEM32\dhcpcsvc.DLL

VM Arguments:
jvm_args: -Xmx1536m -Dfile.encoding=x-windows-949 -Duser.country=KR -Duser.language=ko -Duser.variant 
java_command: org.gradle.launcher.daemon.bootstrap.GradleDaemon 4.4
java_class_path (initial): C:\Users\gsa23\.gradle\wrapper\dists\gradle-4.4-all\9br9xq1tocpiv8o6njlyu5op1\gradle-4.4\lib\gradle-launcher-4.4.jar
Launcher Type: SUN_STANDARD

Environment Variables:
JAVA_HOME=C:\Program Files\Java\jdk1.8.0_181
CLASSPATH=C:\Program Files\Java\jdk1.8.0_181lib
PATH=C:\Program Files (x86)\Common Files\Oracle\Java\javapath;C:\oraclexe\app\oracle\product\11.2.0\server\bin;C:\Program Files\Java\jdk1.8.0_181\bin;C:\ProgramData\Oracle\Java\javapath;C:\WINDOWS\system32;C:\WINDOWS;C:\WINDOWS\System32\Wbem;C:\WINDOWS\System32\WindowsPowerShell\v1.0\;C:\Program Files (x86)\NVIDIA Corporation\PhysX\Common;C:\WINDOWS\system32;C:\WINDOWS;C:\WINDOWS\System32\Wbem;C:\WINDOWS\System32\WindowsPowerShell\v1.0\;C:\WINDOWS\System32\OpenSSH\;C:\Program Files\PuTTY\;C:\Users\gsa23\AppData\Local\Microsoft\WindowsApps;C:\Users\gsa23\AppData\Local\Programs\Microsoft VS Code\bin
USERNAME=°í±´
OS=Windows_NT
PROCESSOR_IDENTIFIER=Intel64 Family 6 Model 78 Stepping 3, GenuineIntel



---------------  S Y S T E M  ---------------

OS: Windows 10.0 , 64 bit Build 17134 (10.0.17134.1)

CPU:total 4 (initial active 4) (2 cores per cpu, 2 threads per core) family 6 model 78 stepping 3, cmov, cx8, fxsr, mmx, sse, sse2, sse3, ssse3, sse4.1, sse4.2, popcnt, avx, avx2, aes, clmul, erms, 3dnowpref, lzcnt, ht, tsc, tscinvbit, bmi1, bmi2, adx

Memory: 4k page, physical 12440684k(4825032k free), swap 24882136k(3068k free)

vm_info: OpenJDK 64-Bit Server VM (25.152-b02) for windows-amd64 JRE (1.8.0_152-release-1024-b02), built by "builder" with MS VC++ 10.0 (VS2010)

time: Thu Sep 27 19:04:24 2018
elapsed time: 17 seconds (0d 0h 0m 17s)

